2021-08-25 07:53:13 +0000  Initial pipeline context: <IDEDistributionProcessingPipelineContext: 0x7fa48529e860; archive(resolved)='<IDEArchive: 0x7fa48ad1f5e0>', distributionTask(resolved)='2', distributionDestination(resolved)='1', distributionMethod(resolved)='<IDEDistributionMethodDevelopmentSigned: 0x7fa4a598ec20>', team(resolved)='<IDEProvisioningDisambiguatableBasicTeam: 0x7fa4b78a3d80; teamID='NY2VV4UVY5', teamName='BANCO WELL LINK, S.A.', teamType='Company', username='1327766130@qq.com', isFreeProvisioningTeam='0'>'>
	Chain (14, self inclusive):
	<IDEDistributionProcessingPipelineContext: 0x7fa48529e860; archive = '<IDEArchive: 0x7fa48ad1f5e0>', distributionMethod='<IDEDistributionMethodDevelopmentSigned: 0x7fa4a598ec20>', team='<IDEProvisioningDisambiguatableBasicTeam: 0x7fa4b78a3d80; teamID='NY2VV4UVY5', teamName='BANCO WELL LINK, S.A.', teamType='Company', username='1327766130@qq.com', isFreeProvisioningTeam='0'>'>
	<IDEDistributionProcessingPipelineContext: 0x7fa485689610; archive = '<IDEArchive: 0x7fa48ad1f5e0>', distributionMethod='<IDEDistributionMethodDevelopmentSigned: 0x7fa4a598ec20>', team='<IDEProvisioningDisambiguatableBasicTeam: 0x7fa4b78a3d80; teamID='NY2VV4UVY5', teamName='BANCO WELL LINK, S.A.', teamType='Company', username='1327766130@qq.com', isFreeProvisioningTeam='0'>'>
	<IDEDistributionContext: 0x7fa483c3b830; archive = '<IDEArchive: 0x7fa48ad1f5e0>', distributionMethod='<IDEDistributionMethodDevelopmentSigned: 0x7fa4a598ec20>', team='<IDEProvisioningDisambiguatableBasicTeam: 0x7fa4b78a3d80; teamID='NY2VV4UVY5', teamName='BANCO WELL LINK, S.A.', teamType='Company', username='1327766130@qq.com', isFreeProvisioningTeam='0'>'>
	<IDEDistributionContext: 0x7fa4846a8c10; archive = '<IDEArchive: 0x7fa48ad1f5e0>', distributionMethod='<IDEDistributionMethodDevelopmentSigned: 0x7fa4a598ec20>', team='<IDEProvisioningDisambiguatableBasicTeam: 0x7fa4b78a3d80; teamID='NY2VV4UVY5', teamName='BANCO WELL LINK, S.A.', teamType='Company', username='1327766130@qq.com', isFreeProvisioningTeam='0'>'>
	<IDEDistributionContext: 0x7fa48566cf70; archive = '<IDEArchive: 0x7fa48ad1f5e0>', distributionMethod='<IDEDistributionMethodDevelopmentSigned: 0x7fa4a598ec20>', team='<IDEProvisioningDisambiguatableBasicTeam: 0x7fa4b78a3d80; teamID='NY2VV4UVY5', teamName='BANCO WELL LINK, S.A.', teamType='Company', username='1327766130@qq.com', isFreeProvisioningTeam='0'>'>
	<IDEDistributionContext: 0x7fa488d10a50; archive = '<IDEArchive: 0x7fa48ad1f5e0>', distributionMethod='<IDEDistributionMethodDevelopmentSigned: 0x7fa4a598ec20>', team='<IDEProvisioningDisambiguatableBasicTeam: 0x7fa4b78a3d80; teamID='NY2VV4UVY5', teamName='BANCO WELL LINK, S.A.', teamType='Company', username='1327766130@qq.com', isFreeProvisioningTeam='0'>'>
	<IDEDistributionContext: 0x7fa48a9606a0; archive = '<IDEArchive: 0x7fa48ad1f5e0>', distributionMethod='<IDEDistributionMethodDevelopmentSigned: 0x7fa4a598ec20>', team='<IDEProvisioningDisambiguatableBasicTeam: 0x7fa4b78a3d80; teamID='NY2VV4UVY5', teamName='BANCO WELL LINK, S.A.', teamType='Company', username='1327766130@qq.com', isFreeProvisioningTeam='0'>'>
	<IDEDistributionContext: 0x7fa4827b5950; archive = '<IDEArchive: 0x7fa48ad1f5e0>', distributionMethod='<IDEDistributionMethodDevelopmentSigned: 0x7fa4a598ec20>', team='<IDEProvisioningDisambiguatableBasicTeam: 0x7fa4b78a3d80; teamID='NY2VV4UVY5', teamName='BANCO WELL LINK, S.A.', teamType='Company', username='1327766130@qq.com', isFreeProvisioningTeam='0'>'>
	<IDEDistributionContext: 0x7fa4827a4420; archive = '<IDEArchive: 0x7fa48ad1f5e0>', distributionMethod='<IDEDistributionMethodDevelopmentSigned: 0x7fa4a598ec20>', team='<IDEProvisioningDisambiguatableBasicTeam: 0x7fa4b78a3d80; teamID='NY2VV4UVY5', teamName='BANCO WELL LINK, S.A.', teamType='Company', username='1327766130@qq.com', isFreeProvisioningTeam='0'>'>
	<IDEDistributionContext: 0x7fa485a71430; archive = '<IDEArchive: 0x7fa48ad1f5e0>', distributionMethod='<IDEDistributionMethodDevelopmentSigned: 0x7fa4a598ec20>', team='(null)'>
	<IDEDistributionContext: 0x7fa499c961c0; archive = '<IDEArchive: 0x7fa48ad1f5e0>', distributionMethod='<IDEDistributionMethodDevelopmentSigned: 0x7fa4a598ec20>', team='(null)'>
	<IDEDistributionContext: 0x7fa49ad23d00; archive = '<IDEArchive: 0x7fa48ad1f5e0>', distributionMethod='<IDEDistributionMethodDevelopmentSigned: 0x7fa4a598ec20>', team='(null)'>
	<IDEDistributionContext: 0x7fa489418070; archive = '<IDEArchive: 0x7fa48ad1f5e0>', distributionMethod='<IDEDistributionMethodDevelopmentSigned: 0x7fa4a598ec20>', team='(null)'>
	<IDEDistributionContext: 0x7fa48a31f6b0; archive = '<IDEArchive: 0x7fa48ad1f5e0>', distributionMethod='(null)', team='(null)'>
</IDEDistributionProcessingPipelineContext: 0x7fa48529e860>
2021-08-25 07:53:13 +0000  Processing step: IDEDistributionCreateDestRootStep
2021-08-25 07:53:13 +0000  Processing step: IDEDistributionCopyItemStep
2021-08-25 07:53:13 +0000  Running /usr/bin/ditto '-V' '/Users/song/Library/Developer/Xcode/Archives/2021-08-25/liqiaobank 2021-8-25, 3.52 PM.xcarchive/Products/Applications/liqiaobank.app' '/var/folders/3d/4p2n4cc51_j5371z1qfbzc680000gn/T/XcodeDistPipeline.~~~3jvDcm/Root/Payload/liqiaobank.app'
2021-08-25 07:53:13 +0000  >>> Copying /Users/song/Library/Developer/Xcode/Archives/2021-08-25/liqiaobank 2021-8-25, 3.52 PM.xcarchive/Products/Applications/liqiaobank.app 
2021-08-25 07:53:13 +0000  copying file ./_CodeSignature/CodeResources ... 
2021-08-25 07:53:13 +0000  80106 bytes for ./_CodeSignature/CodeResources
2021-08-25 07:53:13 +0000  copying file ./shareView_msg@2x.png ... 
2021-08-25 07:53:13 +0000  3400 bytes for ./shareView_msg@2x.png
2021-08-25 07:53:13 +0000  copying file ./BrandAsset-800-Portrait-736h@3x.png ... 
2021-08-25 07:53:13 +0000  115596 bytes for ./BrandAsset-800-Portrait-736h@3x.png
copying file ./openFlish@3x.png ... 
2021-08-25 07:53:13 +0000  6764 bytes for ./openFlish@3x.png
2021-08-25 07:53:13 +0000  copying file ./zh-Hans.lproj/Localizable.strings ... 
2021-08-25 07:53:13 +0000  55914 bytes for ./zh-Hans.lproj/Localizable.strings
2021-08-25 07:53:13 +0000  copying file ./shareView_wb@2x.png ... 
2021-08-25 07:53:13 +0000  4343 bytes for ./shareView_wb@2x.png
2021-08-25 07:53:13 +0000  copying file ./shareView_wx@3x.png ... 
2021-08-25 07:53:13 +0000  4232 bytes for ./shareView_wx@3x.png
2021-08-25 07:53:13 +0000  copying file ./AppIcon20x20@2x.png ... 
2021-08-25 07:53:13 +0000  1478 bytes for ./AppIcon20x20@2x.png
copying file ./shareView_qq.png ... 
2021-08-25 07:53:13 +0000  1866 bytes for ./shareView_qq.png
2021-08-25 07:53:13 +0000  copying file ./canclePhoto@3x.png ... 
2021-08-25 07:53:13 +0000  3594 bytes for ./canclePhoto@3x.png
2021-08-25 07:53:13 +0000  copying file ./en.lproj/Localizable.strings ... 
2021-08-25 07:53:13 +0000  46178 bytes for ./en.lproj/Localizable.strings
2021-08-25 07:53:13 +0000  copying file ./ResourceHanRoundedCN-Normal.ttf ... 
2021-08-25 07:53:13 +0000  14757776 bytes for ./ResourceHanRoundedCN-Normal.ttf
2021-08-25 07:53:13 +0000  copying file ./takePhoto@3x.png ... 
2021-08-25 07:53:13 +0000  7781 bytes for ./takePhoto@3x.png
2021-08-25 07:53:13 +0000  copying file ./AppIcon20x20@3x.png ... 
2021-08-25 07:53:13 +0000  2252 bytes for ./AppIcon20x20@3x.png
2021-08-25 07:53:13 +0000  copying file ./LICENSE ... 
2021-08-25 07:53:13 +0000  1095 bytes for ./LICENSE
2021-08-25 07:53:13 +0000  copying file ./shareView_wx@2x.png ... 
2021-08-25 07:53:13 +0000  4268 bytes for ./shareView_wx@2x.png
2021-08-25 07:53:13 +0000  copying file ./liqiaobank ... 
2021-08-25 07:53:13 +0000  15328416 bytes for ./liqiaobank
copying file ./shareView_wb@3x.png ... 
2021-08-25 07:53:13 +0000  4552 bytes for ./shareView_wb@3x.png
2021-08-25 07:53:13 +0000  copying file ./shareView_msg@3x.png ... 
2021-08-25 07:53:13 +0000  3448 bytes for ./shareView_msg@3x.png
2021-08-25 07:53:13 +0000  copying file ./MJRefresh.bundle/zh-Hans.lproj/Localizable.strings ... 
2021-08-25 07:53:13 +0000  1368 bytes for ./MJRefresh.bundle/zh-Hans.lproj/Localizable.strings
2021-08-25 07:53:13 +0000  copying file ./MJRefresh.bundle/en.lproj/Localizable.strings ... 
2021-08-25 07:53:13 +0000  1374 bytes for ./MJRefresh.bundle/en.lproj/Localizable.strings
2021-08-25 07:53:13 +0000  copying file ./MJRefresh.bundle/uk.lproj/Localizable.strings ... 
2021-08-25 07:53:13 +0000  1534 bytes for ./MJRefresh.bundle/uk.lproj/Localizable.strings
2021-08-25 07:53:13 +0000  copying file ./MJRefresh.bundle/arrow@2x.png ... 
2021-08-25 07:53:13 +0000  1033 bytes for ./MJRefresh.bundle/arrow@2x.png
2021-08-25 07:53:13 +0000  copying file ./MJRefresh.bundle/ko.lproj/Localizable.strings ... 
2021-08-25 07:53:13 +0000  771 bytes for ./MJRefresh.bundle/ko.lproj/Localizable.strings
2021-08-25 07:53:13 +0000  copying file ./MJRefresh.bundle/zh-Hant.lproj/Localizable.strings ... 
2021-08-25 07:53:13 +0000  891 bytes for ./MJRefresh.bundle/zh-Hant.lproj/Localizable.strings
2021-08-25 07:53:13 +0000  copying file ./MJRefresh.bundle/trail_arrow@2x.png ... 
2021-08-25 07:53:13 +0000  2322 bytes for ./MJRefresh.bundle/trail_arrow@2x.png
2021-08-25 07:53:13 +0000  copying file ./MJRefresh.bundle/ru.lproj/Localizable.strings ... 
2021-08-25 07:53:13 +0000  1502 bytes for ./MJRefresh.bundle/ru.lproj/Localizable.strings
2021-08-25 07:53:13 +0000  copying file ./cameraPhoto@3x.png ... 
2021-08-25 07:53:13 +0000  3500 bytes for ./cameraPhoto@3x.png
2021-08-25 07:53:13 +0000  copying file ./AppIcon60x60@2x.png ... 
2021-08-25 07:53:13 +0000  5194 bytes for ./AppIcon60x60@2x.png
2021-08-25 07:53:13 +0000  copying file ./shareView_friend@2x.png ... 
2021-08-25 07:53:13 +0000  4720 bytes for ./shareView_friend@2x.png
2021-08-25 07:53:13 +0000  copying file ./BrandAsset-700@2x.png ... 
2021-08-25 07:53:13 +0000  52039 bytes for ./BrandAsset-700@2x.png
2021-08-25 07:53:13 +0000  copying file ./AppIcon29x29@2x.png ... 
2021-08-25 07:53:13 +0000  2165 bytes for ./AppIcon29x29@2x.png
copying file ./shareView_qq@3x.png ... 
2021-08-25 07:53:13 +0000  3868 bytes for ./shareView_qq@3x.png
2021-08-25 07:53:13 +0000  copying file ./AppIcon40x40@3x.png ... 
2021-08-25 07:53:13 +0000  5194 bytes for ./AppIcon40x40@3x.png
2021-08-25 07:53:13 +0000  copying file ./clipPhoto@3x.png ... 
2021-08-25 07:53:13 +0000  14171 bytes for ./clipPhoto@3x.png
2021-08-25 07:53:13 +0000  copying file ./BrandAsset-700-568h@2x.png ... 
2021-08-25 07:53:13 +0000  53147 bytes for ./BrandAsset-700-568h@2x.png
2021-08-25 07:53:13 +0000  copying file ./AppIcon40x40@2x.png ... 
2021-08-25 07:53:13 +0000  3347 bytes for ./AppIcon40x40@2x.png
2021-08-25 07:53:13 +0000  copying file ./cameraFourEdging@3x.png ... 
2021-08-25 07:53:13 +0000  2771 bytes for ./cameraFourEdging@3x.png
2021-08-25 07:53:13 +0000  copying file ./shareView_qq@2x.png ... 
2021-08-25 07:53:13 +0000  3905 bytes for ./shareView_qq@2x.png
2021-08-25 07:53:13 +0000  copying file ./no_card_user.png ... 
2021-08-25 07:53:13 +0000  9148 bytes for ./no_card_user.png
2021-08-25 07:53:13 +0000  copying file ./AppIcon29x29@3x.png ... 
2021-08-25 07:53:13 +0000  3676 bytes for ./AppIcon29x29@3x.png
2021-08-25 07:53:13 +0000  copying file ./shareView_friend@3x.png ... 
2021-08-25 07:53:13 +0000  4656 bytes for ./shareView_friend@3x.png
2021-08-25 07:53:13 +0000  copying file ./AppIcon60x60@3x.png ... 
2021-08-25 07:53:13 +0000  8066 bytes for ./AppIcon60x60@3x.png
2021-08-25 07:53:13 +0000  copying file ./zh-Hant.lproj/Localizable.strings ... 
2021-08-25 07:53:13 +0000  55924 bytes for ./zh-Hant.lproj/Localizable.strings
2021-08-25 07:53:13 +0000  copying file ./shareView_wb.png ... 
2021-08-25 07:53:13 +0000  1914 bytes for ./shareView_wb.png
2021-08-25 07:53:13 +0000  copying file ./BrandAsset-568h@2x.png ... 
2021-08-25 07:53:13 +0000  53147 bytes for ./BrandAsset-568h@2x.png
2021-08-25 07:53:13 +0000  copying file ./README.md ... 
2021-08-25 07:53:13 +0000  5394 bytes for ./README.md
2021-08-25 07:53:13 +0000  copying file ./shareView_wx.png ... 
1695 bytes for ./shareView_wx.png
copying file ./AAC解码算法原理.pdf ... 
2021-08-25 07:53:13 +0000  386410 bytes for ./AAC解码算法原理.pdf
2021-08-25 07:53:13 +0000  copying file ./BrandAsset-800-667h@2x.png ... 
2021-08-25 07:53:13 +0000  62515 bytes for ./BrandAsset-800-667h@2x.png
copying file ./loading@2x.gif ... 
2021-08-25 07:53:13 +0000  9162 bytes for ./loading@2x.gif
2021-08-25 07:53:13 +0000  copying file ./AMap.bundle/GNaviConfig.xml ... 
2021-08-25 07:53:13 +0000  173 bytes for ./AMap.bundle/GNaviConfig.xml
2021-08-25 07:53:13 +0000  copying file ./AMap.bundle/res.zip ... 
2021-08-25 07:53:13 +0000  344060 bytes for ./AMap.bundle/res.zip
2021-08-25 07:53:13 +0000  copying file ./AMap.bundle/images/purplePin@3x.png ... 
2021-08-25 07:53:13 +0000  2617 bytes for ./AMap.bundle/images/purplePin@3x.png
2021-08-25 07:53:13 +0000  copying file ./AMap.bundle/images/arrow_line_outer.png ... 
2021-08-25 07:53:13 +0000  399 bytes for ./AMap.bundle/images/arrow_line_outer.png
2021-08-25 07:53:13 +0000  copying file ./AMap.bundle/images/greenPin@3x.png ... 
2021-08-25 07:53:13 +0000  2707 bytes for ./AMap.bundle/images/greenPin@3x.png
2021-08-25 07:53:13 +0000  copying file ./AMap.bundle/images/offline_shouqi_2@2x.png ... 
2021-08-25 07:53:13 +0000  221 bytes for ./AMap.bundle/images/offline_shouqi_2@2x.png
2021-08-25 07:53:13 +0000  copying file ./AMap.bundle/images/particle_fog.png ... 
2021-08-25 07:53:13 +0000  79020 bytes for ./AMap.bundle/images/particle_fog.png
2021-08-25 07:53:13 +0000  copying file ./AMap.bundle/images/lineTexture.png ... 
2021-08-25 07:53:13 +0000  103 bytes for ./AMap.bundle/images/lineTexture.png
copying file ./AMap.bundle/images/greenPin_lift@3x.png ... 
2021-08-25 07:53:13 +0000  906 bytes for ./AMap.bundle/images/greenPin_lift@3x.png
2021-08-25 07:53:13 +0000  copying file ./AMap.bundle/images/greenPin_lift@2x.png ... 
2021-08-25 07:53:13 +0000  631 bytes for ./AMap.bundle/images/greenPin_lift@2x.png
2021-08-25 07:53:13 +0000  copying file ./AMap.bundle/images/offline_shouqi@2x.png ... 
2021-08-25 07:53:13 +0000  197 bytes for ./AMap.bundle/images/offline_shouqi@2x.png
2021-08-25 07:53:13 +0000  copying file ./AMap.bundle/images/offline_zhankai@2x.png ... 
2021-08-25 07:53:13 +0000  200 bytes for ./AMap.bundle/images/offline_zhankai@2x.png
2021-08-25 07:53:13 +0000  copying file ./AMap.bundle/images/particle_rain.png ... 
2021-08-25 07:53:13 +0000  477 bytes for ./AMap.bundle/images/particle_rain.png
2021-08-25 07:53:13 +0000  copying file ./AMap.bundle/images/calloutArrowMask.png ... 
2021-08-25 07:53:13 +0000  271 bytes for ./AMap.bundle/images/calloutArrowMask.png
2021-08-25 07:53:13 +0000  copying file ./AMap.bundle/images/traffic_texture_red.png ... 
2021-08-25 07:53:13 +0000  315 bytes for ./AMap.bundle/images/traffic_texture_red.png
2021-08-25 07:53:13 +0000  copying file ./AMap.bundle/images/calloutArrowMask@2x.png ... 
2021-08-25 07:53:13 +0000  410 bytes for ./AMap.bundle/images/calloutArrowMask@2x.png
2021-08-25 07:53:13 +0000  copying file ./AMap.bundle/images/greenPin@2x.png ... 
2021-08-25 07:53:13 +0000  1893 bytes for ./AMap.bundle/images/greenPin@2x.png
2021-08-25 07:53:13 +0000  copying file ./AMap.bundle/images/particle_sun_1.png ... 
2021-08-25 07:53:13 +0000  1078 bytes for ./AMap.bundle/images/particle_sun_1.png
2021-08-25 07:53:13 +0000  copying file ./AMap.bundle/images/particle_sun_0.png ... 
2021-08-25 07:53:13 +0000  1116 bytes for ./AMap.bundle/images/particle_sun_0.png
2021-08-25 07:53:13 +0000  copying file ./AMap.bundle/images/purplePin@2x.png ... 
2021-08-25 07:53:13 +0000  1873 bytes for ./AMap.bundle/images/purplePin@2x.png
2021-08-25 07:53:13 +0000  copying file ./AMap.bundle/images/offline_sousuo@2x.png ... 
2021-08-25 07:53:13 +0000  518 bytes for ./AMap.bundle/images/offline_sousuo@2x.png
2021-08-25 07:53:13 +0000  copying file ./AMap.bundle/images/select_.png ... 
2021-08-25 07:53:13 +0000  479 bytes for ./AMap.bundle/images/select_.png
2021-08-25 07:53:13 +0000  copying file ./AMap.bundle/images/pin_shadow.png ... 
2021-08-25 07:53:13 +0000  609 bytes for ./AMap.bundle/images/pin_shadow.png
2021-08-25 07:53:13 +0000  copying file ./AMap.bundle/images/offline_clear@2x.png ... 
2021-08-25 07:53:13 +0000  715 bytes for ./AMap.bundle/images/offline_clear@2x.png
2021-08-25 07:53:13 +0000  copying file ./AMap.bundle/images/arrow_line_inner.png ... 
2021-08-25 07:53:13 +0000  335 bytes for ./AMap.bundle/images/arrow_line_inner.png
2021-08-25 07:53:13 +0000  copying file ./AMap.bundle/images/greenPin.png ... 
2021-08-25 07:53:13 +0000  988 bytes for ./AMap.bundle/images/greenPin.png
2021-08-25 07:53:13 +0000  copying file ./AMap.bundle/images/offline_down@2x.png ... 
2021-08-25 07:53:13 +0000  511 bytes for ./AMap.bundle/images/offline_down@2x.png
2021-08-25 07:53:13 +0000  copying file ./AMap.bundle/images/arrow_line_3d_shadow.png ... 
2021-08-25 07:53:13 +0000  824 bytes for ./AMap.bundle/images/arrow_line_3d_shadow.png
2021-08-25 07:53:13 +0000  copying file ./AMap.bundle/images/purplePin_lift.png ... 
2021-08-25 07:53:13 +0000  326 bytes for ./AMap.bundle/images/purplePin_lift.png
2021-08-25 07:53:13 +0000  copying file ./AMap.bundle/images/redPin_lift@3x.png ... 
2021-08-25 07:53:13 +0000  880 bytes for ./AMap.bundle/images/redPin_lift@3x.png
2021-08-25 07:53:13 +0000  copying file ./AMap.bundle/images/redPin_lift.png ... 
2021-08-25 07:53:13 +0000  338 bytes for ./AMap.bundle/images/redPin_lift.png
2021-08-25 07:53:13 +0000  copying file ./AMap.bundle/images/particle_haze.png ... 
2021-08-25 07:53:13 +0000  260 bytes for ./AMap.bundle/images/particle_haze.png
2021-08-25 07:53:13 +0000  copying file ./AMap.bundle/images/lineDashTexture.png ... 
2021-08-25 07:53:13 +0000  171 bytes for ./AMap.bundle/images/lineDashTexture.png
2021-08-25 07:53:13 +0000  copying file ./AMap.bundle/images/traffic_texture_blue.png ... 
2021-08-25 07:53:13 +0000  308 bytes for ./AMap.bundle/images/traffic_texture_blue.png
2021-08-25 07:53:13 +0000  copying file ./AMap.bundle/images/traffic_texture_green.png ... 
2021-08-25 07:53:13 +0000  263 bytes for ./AMap.bundle/images/traffic_texture_green.png
2021-08-25 07:53:13 +0000  copying file ./AMap.bundle/images/traffic_texture_yellow.png ... 
2021-08-25 07:53:13 +0000  291 bytes for ./AMap.bundle/images/traffic_texture_yellow.png
copying file ./AMap.bundle/images/marker_blue@2x.png ... 
2021-08-25 07:53:13 +0000  1361 bytes for ./AMap.bundle/images/marker_blue@2x.png
copying file ./AMap.bundle/images/arrow_line_3d_outer.png ... 
2021-08-25 07:53:13 +0000  329 bytes for ./AMap.bundle/images/arrow_line_3d_outer.png
2021-08-25 07:53:13 +0000  copying file ./AMap.bundle/images/purplePin.png ... 
2021-08-25 07:53:13 +0000  988 bytes for ./AMap.bundle/images/purplePin.png
copying file ./AMap.bundle/images/redPin_lift@2x.png ... 
2021-08-25 07:53:13 +0000  639 bytes for ./AMap.bundle/images/redPin_lift@2x.png
2021-08-25 07:53:13 +0000  copying file ./AMap.bundle/images/particle_snow.png ... 
2021-08-25 07:53:13 +0000  683 bytes for ./AMap.bundle/images/particle_snow.png
2021-08-25 07:53:13 +0000  copying file ./AMap.bundle/images/traffic_texture_darkred.png ... 
2021-08-25 07:53:13 +0000  281 bytes for ./AMap.bundle/images/traffic_texture_darkred.png
2021-08-25 07:53:13 +0000  copying file ./AMap.bundle/images/select_@3x.png ... 
2021-08-25 07:53:13 +0000  1103 bytes for ./AMap.bundle/images/select_@3x.png
2021-08-25 07:53:13 +0000  copying file ./AMap.bundle/images/lineDashTextureDot.png ... 
2021-08-25 07:53:13 +0000  432 bytes for ./AMap.bundle/images/lineDashTextureDot.png
2021-08-25 07:53:13 +0000  copying file ./AMap.bundle/images/pin_shadow@2x.png ... 
2021-08-25 07:53:13 +0000  1155 bytes for ./AMap.bundle/images/pin_shadow@2x.png
2021-08-25 07:53:13 +0000  copying file ./AMap.bundle/images/redPin@3x.png ... 
2021-08-25 07:53:13 +0000  2718 bytes for ./AMap.bundle/images/redPin@3x.png
2021-08-25 07:53:13 +0000  copying file ./AMap.bundle/images/purplePin_lift@2x.png ... 
2021-08-25 07:53:13 +0000  625 bytes for ./AMap.bundle/images/purplePin_lift@2x.png
2021-08-25 07:53:13 +0000  copying file ./AMap.bundle/images/purplePin_lift@3x.png ... 
2021-08-25 07:53:13 +0000  869 bytes for ./AMap.bundle/images/purplePin_lift@3x.png
2021-08-25 07:53:13 +0000  copying file ./AMap.bundle/images/lineTextureThin.png ... 
2021-08-25 07:53:13 +0000  134 bytes for ./AMap.bundle/images/lineTextureThin.png
2021-08-25 07:53:13 +0000  copying file ./AMap.bundle/images/redPin@2x.png ... 
2021-08-25 07:53:13 +0000  1878 bytes for ./AMap.bundle/images/redPin@2x.png
2021-08-25 07:53:13 +0000  copying file ./AMap.bundle/images/offline_zhankai_2@2x.png ... 
2021-08-25 07:53:13 +0000  217 bytes for ./AMap.bundle/images/offline_zhankai_2@2x.png
2021-08-25 07:53:13 +0000  copying file ./AMap.bundle/images/pin_shadow@3x.png ... 
2021-08-25 07:53:13 +0000  1817 bytes for ./AMap.bundle/images/pin_shadow@3x.png
2021-08-25 07:53:13 +0000  copying file ./AMap.bundle/images/traffic_texture_gray.png ... 
2021-08-25 07:53:13 +0000  291 bytes for ./AMap.bundle/images/traffic_texture_gray.png
2021-08-25 07:53:13 +0000  copying file ./AMap.bundle/images/arrow_line_3d_inner.png ... 
2021-08-25 07:53:13 +0000  401 bytes for ./AMap.bundle/images/arrow_line_3d_inner.png
2021-08-25 07:53:13 +0000  copying file ./AMap.bundle/images/redPin.png ... 
2021-08-25 07:53:13 +0000  983 bytes for ./AMap.bundle/images/redPin.png
2021-08-25 07:53:13 +0000  copying file ./AMap.bundle/images/select_@2x.png ... 
2021-08-25 07:53:13 +0000  479 bytes for ./AMap.bundle/images/select_@2x.png
2021-08-25 07:53:13 +0000  copying file ./AMap.bundle/images/marker_blue.png ... 
2021-08-25 07:53:13 +0000  667 bytes for ./AMap.bundle/images/marker_blue.png
2021-08-25 07:53:13 +0000  copying file ./AMap.bundle/images/greenPin_lift.png ... 
2021-08-25 07:53:13 +0000  325 bytes for ./AMap.bundle/images/greenPin_lift.png
2021-08-25 07:53:13 +0000  copying file ./AMap.bundle/res.ck ... 
2021-08-25 07:53:13 +0000  33 bytes for ./AMap.bundle/res.ck
2021-08-25 07:53:13 +0000  copying file ./AMap.bundle/offline/offlinePackage.plist ... 
2021-08-25 07:53:13 +0000  108395 bytes for ./AMap.bundle/offline/offlinePackage.plist
2021-08-25 07:53:13 +0000  copying file ./AMap.bundle/AMap3D.bundle/3d_navi_sky_day.data ... 
2021-08-25 07:53:13 +0000  1823 bytes for ./AMap.bundle/AMap3D.bundle/3d_navi_sky_day.data
2021-08-25 07:53:13 +0000  copying file ./AMap.bundle/AMap3D.bundle/dash.data ... 
2021-08-25 07:53:13 +0000  241 bytes for ./AMap.bundle/AMap3D.bundle/dash.data
copying file ./AMap.bundle/AMap3D.bundle/anscii_0.png ... 
2021-08-25 07:53:13 +0000  14904 bytes for ./AMap.bundle/AMap3D.bundle/anscii_0.png
2021-08-25 07:53:13 +0000  copying file ./AMap.bundle/AMap3D.bundle/VM3DRes/grass_night.png ... 
2021-08-25 07:53:13 +0000  82 bytes for ./AMap.bundle/AMap3D.bundle/VM3DRes/grass_night.png
2021-08-25 07:53:13 +0000  copying file ./AMap.bundle/AMap3D.bundle/VM3DRes/cross_sky_night.png ... 
2021-08-25 07:53:13 +0000  14313 bytes for ./AMap.bundle/AMap3D.bundle/VM3DRes/cross_sky_night.png
2021-08-25 07:53:13 +0000  copying file ./AMap.bundle/AMap3D.bundle/VM3DRes/d_yellow_night.png ... 
2021-08-25 07:53:13 +0000  111 bytes for ./AMap.bundle/AMap3D.bundle/VM3DRes/d_yellow_night.png
2021-08-25 07:53:13 +0000  copying file ./AMap.bundle/AMap3D.bundle/VM3DRes/cross_bk_grass_day.png ... 
2021-08-25 07:53:13 +0000  75169 bytes for ./AMap.bundle/AMap3D.bundle/VM3DRes/cross_bk_grass_day.png
2021-08-25 07:53:13 +0000  copying file ./AMap.bundle/AMap3D.bundle/VM3DRes/road_bottom_day.png ... 
2021-08-25 07:53:13 +0000  88 bytes for ./AMap.bundle/AMap3D.bundle/VM3DRes/road_bottom_day.png
2021-08-25 07:53:13 +0000  copying file ./AMap.bundle/AMap3D.bundle/VM3DRes/1016_1.png ... 
2021-08-25 07:53:13 +0000  348 bytes for ./AMap.bundle/AMap3D.bundle/VM3DRes/1016_1.png
2021-08-25 07:53:13 +0000  copying file ./AMap.bundle/AMap3D.bundle/VM3DRes/1016_2.png ... 
2021-08-25 07:53:13 +0000  276 bytes for ./AMap.bundle/AMap3D.bundle/VM3DRes/1016_2.png
2021-08-25 07:53:13 +0000  copying file ./AMap.bundle/AMap3D.bundle/VM3DRes/d_yellow_day.png ... 
2021-08-25 07:53:13 +0000  111 bytes for ./AMap.bundle/AMap3D.bundle/VM3DRes/d_yellow_day.png
2021-08-25 07:53:13 +0000  copying file ./AMap.bundle/AMap3D.bundle/VM3DRes/exit_label_bk_secondary_day.png ... 
2021-08-25 07:53:13 +0000  169 bytes for ./AMap.bundle/AMap3D.bundle/VM3DRes/exit_label_bk_secondary_day.png
2021-08-25 07:53:13 +0000  copying file ./AMap.bundle/AMap3D.bundle/VM3DRes/grass_day.png ... 
2021-08-25 07:53:13 +0000  82 bytes for ./AMap.bundle/AMap3D.bundle/VM3DRes/grass_day.png
2021-08-25 07:53:13 +0000  copying file ./AMap.bundle/AMap3D.bundle/VM3DRes/1015_1.png ... 
2021-08-25 07:53:13 +0000  108 bytes for ./AMap.bundle/AMap3D.bundle/VM3DRes/1015_1.png
2021-08-25 07:53:13 +0000  copying file ./AMap.bundle/AMap3D.bundle/VM3DRes/cross_bk_grass_night.png ... 
2021-08-25 07:53:13 +0000  54512 bytes for ./AMap.bundle/AMap3D.bundle/VM3DRes/cross_bk_grass_night.png
2021-08-25 07:53:13 +0000  copying file ./AMap.bundle/AMap3D.bundle/VM3DRes/roadbk_main_day.png ... 
2021-08-25 07:53:13 +0000  99 bytes for ./AMap.bundle/AMap3D.bundle/VM3DRes/roadbk_main_day.png
2021-08-25 07:53:13 +0000  copying file ./AMap.bundle/AMap3D.bundle/VM3DRes/1015_2.png ... 
2021-08-25 07:53:13 +0000  108 bytes for ./AMap.bundle/AMap3D.bundle/VM3DRes/1015_2.png
2021-08-25 07:53:13 +0000  copying file ./AMap.bundle/AMap3D.bundle/VM3DRes/exit_label_bk_main_day.png ... 
2021-08-25 07:53:13 +0000  169 bytes for ./AMap.bundle/AMap3D.bundle/VM3DRes/exit_label_bk_main_day.png
2021-08-25 07:53:13 +0000  copying file ./AMap.bundle/AMap3D.bundle/VM3DRes/cross_sky_day.png ... 
2021-08-25 07:53:13 +0000  17631 bytes for ./AMap.bundle/AMap3D.bundle/VM3DRes/cross_sky_day.png
2021-08-25 07:53:13 +0000  copying file ./AMap.bundle/AMap3D.bundle/VM3DRes/road_bottom_night.png ... 
2021-08-25 07:53:13 +0000  88 bytes for ./AMap.bundle/AMap3D.bundle/VM3DRes/road_bottom_night.png
2021-08-25 07:53:13 +0000  copying file ./AMap.bundle/AMap3D.bundle/VM3DRes/roadbk_main_night.png ... 
2021-08-25 07:53:13 +0000  82 bytes for ./AMap.bundle/AMap3D.bundle/VM3DRes/roadbk_main_night.png
2021-08-25 07:53:13 +0000  copying file ./AMap.bundle/AMap3D.bundle/style_17_17_1594715345.data ... 
2021-08-25 07:53:13 +0000  303 bytes for ./AMap.bundle/AMap3D.bundle/style_17_17_1594715345.data
2021-08-25 07:53:13 +0000  copying file ./AMap.bundle/AMap3D.bundle/bktile_n.data ... 
2021-08-25 07:53:13 +0000  109 bytes for ./AMap.bundle/AMap3D.bundle/bktile_n.data
2021-08-25 07:53:13 +0000  copying file ./AMap.bundle/AMap3D.bundle/icons_40_17_1597739013.data ... 
2021-08-25 07:53:13 +0000  18754 bytes for ./AMap.bundle/AMap3D.bundle/icons_40_17_1597739013.data
2021-08-25 07:53:13 +0000  copying file ./AMap.bundle/AMap3D.bundle/tmc3d_allinone.data ... 
2021-08-25 07:53:13 +0000  87455 bytes for ./AMap.bundle/AMap3D.bundle/tmc3d_allinone.data
2021-08-25 07:53:13 +0000  copying file ./AMap.bundle/AMap3D.bundle/bktile.data ... 
2021-08-25 07:53:13 +0000  109 bytes for ./AMap.bundle/AMap3D.bundle/bktile.data
2021-08-25 07:53:13 +0000  copying file ./AMap.bundle/AMap3D.bundle/style_101_17_1594715411.data ... 
2021-08-25 07:53:13 +0000  3604 bytes for ./AMap.bundle/AMap3D.bundle/style_101_17_1594715411.data
2021-08-25 07:53:13 +0000  copying file ./AMap.bundle/AMap3D.bundle/3dportrait.xml ... 
2021-08-25 07:53:13 +0000  4336 bytes for ./AMap.bundle/AMap3D.bundle/3dportrait.xml
2021-08-25 07:53:13 +0000  copying file ./AMap.bundle/AMap3D.bundle/3dlandscape.xml ... 
2021-08-25 07:53:13 +0000  4336 bytes for ./AMap.bundle/AMap3D.bundle/3dlandscape.xml
2021-08-25 07:53:13 +0000  copying file ./AMap.bundle/AMap3D.bundle/tmc3d_n_allinone.data ... 
2021-08-25 07:53:13 +0000  87455 bytes for ./AMap.bundle/AMap3D.bundle/tmc3d_n_allinone.data
2021-08-25 07:53:13 +0000  copying file ./AMap.bundle/AMap3D.bundle/dash_cd.data ... 
2021-08-25 07:53:13 +0000  1034 bytes for ./AMap.bundle/AMap3D.bundle/dash_cd.data
2021-08-25 07:53:13 +0000  copying file ./AMap.bundle/AMap3D.bundle/style_0_17_1594719935.data ... 
2021-08-25 07:53:13 +0000  7657 bytes for ./AMap.bundle/AMap3D.bundle/style_0_17_1594719935.data
2021-08-25 07:53:13 +0000  copying file ./AMap.bundle/AMap3D.bundle/mapprofile_2_17_1594770801.data ... 
2021-08-25 07:53:13 +0000  1768 bytes for ./AMap.bundle/AMap3D.bundle/mapprofile_2_17_1594770801.data
2021-08-25 07:53:13 +0000  copying file ./AMap.bundle/AMap3D.bundle/search_scenic_icon.data ... 
2021-08-25 07:53:13 +0000  38112 bytes for ./AMap.bundle/AMap3D.bundle/search_scenic_icon.data
2021-08-25 07:53:13 +0000  copying file ./AMap.bundle/AMap3D.bundle/tmc_blind_allinone.data ... 
2021-08-25 07:53:13 +0000  21919 bytes for ./AMap.bundle/AMap3D.bundle/tmc_blind_allinone.data
2021-08-25 07:53:13 +0000  copying file ./AMap.bundle/AMap3D.bundle/3d_sky_day.data ... 
2021-08-25 07:53:13 +0000  57143 bytes for ./AMap.bundle/AMap3D.bundle/3d_sky_day.data
2021-08-25 07:53:13 +0000  copying file ./AMap.bundle/AMap3D.bundle/icons_50_17_1594748499.data ... 
2021-08-25 07:53:13 +0000  25385 bytes for ./AMap.bundle/AMap3D.bundle/icons_50_17_1594748499.data
2021-08-25 07:53:13 +0000  copying file ./AMap.bundle/AMap3D.bundle/icons_6_17_1594719483.data ... 
2021-08-25 07:53:13 +0000  31345 bytes for ./AMap.bundle/AMap3D.bundle/icons_6_17_1594719483.data
2021-08-25 07:53:13 +0000  copying file ./AMap.bundle/AMap3D.bundle/style_1_17_1598932719.data ... 
2021-08-25 07:53:13 +0000  19666 bytes for ./AMap.bundle/AMap3D.bundle/style_1_17_1598932719.data
2021-08-25 07:53:13 +0000  copying file ./AMap.bundle/AMap3D.bundle/icons_3_17_1597738877.data ... 
2021-08-25 07:53:13 +0000  32227 bytes for ./AMap.bundle/AMap3D.bundle/icons_3_17_1597738877.data
2021-08-25 07:53:13 +0000  copying file ./AMap.bundle/AMap3D.bundle/config_1_17_1598583696.data ... 
2021-08-25 07:53:13 +0000  515 bytes for ./AMap.bundle/AMap3D.bundle/config_1_17_1598583696.data
2021-08-25 07:53:13 +0000  copying file ./AMap.bundle/AMap3D.bundle/icons_2_17_1597738874.data ... 
2021-08-25 07:53:13 +0000  28404 bytes for ./AMap.bundle/AMap3D.bundle/icons_2_17_1597738874.data
2021-08-25 07:53:13 +0000  copying file ./AMap.bundle/AMap3D.bundle/config_2_17_1594715854.data ... 
2021-08-25 07:53:13 +0000  206 bytes for ./AMap.bundle/AMap3D.bundle/config_2_17_1594715854.data
2021-08-25 07:53:13 +0000  copying file ./AMap.bundle/AMap3D.bundle/arrow_topface.data ... 
2021-08-25 07:53:13 +0000  2963 bytes for ./AMap.bundle/AMap3D.bundle/arrow_topface.data
2021-08-25 07:53:13 +0000  copying file ./AMap.bundle/AMap3D.bundle/icons_4_17_1594719480.data ... 
2021-08-25 07:53:13 +0000  33663 bytes for ./AMap.bundle/AMap3D.bundle/icons_4_17_1594719480.data
2021-08-25 07:53:13 +0000  copying file ./AMap.bundle/AMap3D.bundle/waterline.data ... 
2021-08-25 07:53:13 +0000  148 bytes for ./AMap.bundle/AMap3D.bundle/waterline.data
2021-08-25 07:53:13 +0000  copying file ./AMap.bundle/AMap3D.bundle/tmc_n_allinone.data ... 
2021-08-25 07:53:13 +0000  21919 bytes for ./AMap.bundle/AMap3D.bundle/tmc_n_allinone.data
2021-08-25 07:53:13 +0000  copying file ./AMap.bundle/AMap3D.bundle/icons_10_17_1597738891.data ... 
2021-08-25 07:53:13 +0000  33616 bytes for ./AMap.bundle/AMap3D.bundle/icons_10_17_1597738891.data
2021-08-25 07:53:13 +0000  copying file ./AMap.bundle/AMap3D.bundle/tmc_allinone.data ... 
2021-08-25 07:53:13 +0000  21919 bytes for ./AMap.bundle/AMap3D.bundle/tmc_allinone.data
2021-08-25 07:53:13 +0000  copying file ./AMap.bundle/AMap3D.bundle/style_3_17_1596079144.data ... 
2021-08-25 07:53:13 +0000  8782 bytes for ./AMap.bundle/AMap3D.bundle/style_3_17_1596079144.data
2021-08-25 07:53:13 +0000  copying file ./AMap.bundle/AMap3D.bundle/crossing_nigth_bk.data ... 
2021-08-25 07:53:13 +0000  752 bytes for ./AMap.bundle/AMap3D.bundle/crossing_nigth_bk.data
2021-08-25 07:53:13 +0000  copying file ./AMap.bundle/AMap3D.bundle/styleiconslist.data ... 
2021-08-25 07:53:13 +0000  959 bytes for ./AMap.bundle/AMap3D.bundle/styleiconslist.data
2021-08-25 07:53:13 +0000  copying file ./AMap.bundle/AMap3D.bundle/3d_sky_night.data ... 
2021-08-25 07:53:13 +0000  49684 bytes for ./AMap.bundle/AMap3D.bundle/3d_sky_night.data
2021-08-25 07:53:13 +0000  copying file ./AMap.bundle/AMap3D.bundle/icons_5_17_1597739000.data ... 
2021-08-25 07:53:13 +0000  102726 bytes for ./AMap.bundle/AMap3D.bundle/icons_5_17_1597739000.data
2021-08-25 07:53:13 +0000  copying file ./AMap.bundle/AMap3D.bundle/lineround.data ... 
2021-08-25 07:53:13 +0000  21911 bytes for ./AMap.bundle/AMap3D.bundle/lineround.data
2021-08-25 07:53:13 +0000  copying file ./AMap.bundle/AMap3D.bundle/style_4_17_1598940176.data ... 
2021-08-25 07:53:13 +0000  14231 bytes for ./AMap.bundle/AMap3D.bundle/style_4_17_1598940176.data
2021-08-25 07:53:13 +0000  copying file ./AMap.bundle/AMap3D.bundle/tmc3d_blind_allinone.data ... 
2021-08-25 07:53:13 +0000  87455 bytes for ./AMap.bundle/AMap3D.bundle/tmc3d_blind_allinone.data
2021-08-25 07:53:13 +0000  copying file ./AMap.bundle/AMap3D.bundle/anscii.fnt ... 
2021-08-25 07:53:13 +0000  14961 bytes for ./AMap.bundle/AMap3D.bundle/anscii.fnt
2021-08-25 07:53:13 +0000  copying file ./AMap.bundle/AMap3D.bundle/style_5_17_1598940139.data ... 
2021-08-25 07:53:13 +0000  10530 bytes for ./AMap.bundle/AMap3D.bundle/style_5_17_1598940139.data
2021-08-25 07:53:13 +0000  copying file ./AMap.bundle/AMap3D.bundle/style_50_17_1594771321.data ... 
2021-08-25 07:53:13 +0000  1606 bytes for ./AMap.bundle/AMap3D.bundle/style_50_17_1594771321.data
2021-08-25 07:53:13 +0000  copying file ./AMap.bundle/AMap3D.bundle/style-for-custom_0_17_1594719935.data ... 
2021-08-25 07:53:13 +0000  7702 bytes for ./AMap.bundle/AMap3D.bundle/style-for-custom_0_17_1594719935.data
2021-08-25 07:53:13 +0000  copying file ./AMap.bundle/AMap3D.bundle/tmc_l_allinone.data ... 
2021-08-25 07:53:13 +0000  21919 bytes for ./AMap.bundle/AMap3D.bundle/tmc_l_allinone.data
2021-08-25 07:53:13 +0000  copying file ./AMap.bundle/AMap3D.bundle/style_6_17_1598951684.data ... 
2021-08-25 07:53:13 +0000  17039 bytes for ./AMap.bundle/AMap3D.bundle/style_6_17_1598951684.data
2021-08-25 07:53:13 +0000  copying file ./AMap.bundle/AMap3D.bundle/weather/yunqian.png ... 
2021-08-25 07:53:13 +0000  20091 bytes for ./AMap.bundle/AMap3D.bundle/weather/yunqian.png
copying file ./AMap.bundle/AMap3D.bundle/weather/rainmask.png ... 
2021-08-25 07:53:13 +0000  96 bytes for ./AMap.bundle/AMap3D.bundle/weather/rainmask.png
2021-08-25 07:53:13 +0000  copying file ./AMap.bundle/AMap3D.bundle/weather/fog.png ... 
2021-08-25 07:53:13 +0000  75086 bytes for ./AMap.bundle/AMap3D.bundle/weather/fog.png
2021-08-25 07:53:13 +0000  copying file ./AMap.bundle/AMap3D.bundle/weather/shanbai.png ... 
2021-08-25 07:53:13 +0000  5057 bytes for ./AMap.bundle/AMap3D.bundle/weather/shanbai.png
2021-08-25 07:53:13 +0000  copying file ./AMap.bundle/AMap3D.bundle/weather/haze.png ... 
2021-08-25 07:53:13 +0000  260 bytes for ./AMap.bundle/AMap3D.bundle/weather/haze.png
2021-08-25 07:53:13 +0000  copying file ./AMap.bundle/AMap3D.bundle/weather/snow.png ... 
2021-08-25 07:53:13 +0000  683 bytes for ./AMap.bundle/AMap3D.bundle/weather/snow.png
2021-08-25 07:53:13 +0000  copying file ./AMap.bundle/AMap3D.bundle/weather/snow_far.png ... 
2021-08-25 07:53:13 +0000  814 bytes for ./AMap.bundle/AMap3D.bundle/weather/snow_far.png
2021-08-25 07:53:13 +0000  copying file ./AMap.bundle/AMap3D.bundle/weather/snowmask.png ... 
2021-08-25 07:53:13 +0000  894 bytes for ./AMap.bundle/AMap3D.bundle/weather/snowmask.png
2021-08-25 07:53:13 +0000  copying file ./AMap.bundle/AMap3D.bundle/weather/yunhou.png ... 
2021-08-25 07:53:13 +0000  23713 bytes for ./AMap.bundle/AMap3D.bundle/weather/yunhou.png
2021-08-25 07:53:13 +0000  copying file ./AMap.bundle/AMap3D.bundle/weather/shandianyun.png ... 
2021-08-25 07:53:13 +0000  8336 bytes for ./AMap.bundle/AMap3D.bundle/weather/shandianyun.png
2021-08-25 07:53:13 +0000  copying file ./AMap.bundle/AMap3D.bundle/weather/rain.png ... 
2021-08-25 07:53:13 +0000  3196 bytes for ./AMap.bundle/AMap3D.bundle/weather/rain.png
2021-08-25 07:53:13 +0000  copying file ./AMap.bundle/AMap3D.bundle/dash_tq.data ... 
2021-08-25 07:53:13 +0000  249 bytes for ./AMap.bundle/AMap3D.bundle/dash_tq.data
2021-08-25 07:53:13 +0000  copying file ./AMap.bundle/AMap3D.bundle/icons_1_17_1597895142.data ... 
2021-08-25 07:53:13 +0000  31843 bytes for ./AMap.bundle/AMap3D.bundle/icons_1_17_1597895142.data
2021-08-25 07:53:13 +0000  copying file ./AMap.bundle/AMap3D.bundle/style_100_17_1597738792.data ... 
2021-08-25 07:53:13 +0000  7261 bytes for ./AMap.bundle/AMap3D.bundle/style_100_17_1597738792.data
2021-08-25 07:53:13 +0000  copying file ./AMap.bundle/AMap3D.bundle/style_18_17_1598951705.data ... 
2021-08-25 07:53:13 +0000  13125 bytes for ./AMap.bundle/AMap3D.bundle/style_18_17_1598951705.data
2021-08-25 07:53:13 +0000  copying file ./AMap.bundle/AMap3D.bundle/tmc3d_l_allinone.data ... 
2021-08-25 07:53:13 +0000  87455 bytes for ./AMap.bundle/AMap3D.bundle/tmc3d_l_allinone.data
2021-08-25 07:53:13 +0000  copying file ./AMap.bundle/AMap3D.bundle/mapprofile_1_17_1594760814.data ... 
2021-08-25 07:53:13 +0000  2157 bytes for ./AMap.bundle/AMap3D.bundle/mapprofile_1_17_1594760814.data
2021-08-25 07:53:13 +0000  copying file ./AMap.bundle/AMap3D.bundle/crossing_day_bk.data ... 
2021-08-25 07:53:13 +0000  1199 bytes for ./AMap.bundle/AMap3D.bundle/crossing_day_bk.data
2021-08-25 07:53:13 +0000  copying file ./share_copyLink.png ... 
2021-08-25 07:53:13 +0000  1987 bytes for ./share_copyLink.png
2021-08-25 07:53:13 +0000  copying file ./shareView_rr@2x.png ... 
2021-08-25 07:53:13 +0000  4127 bytes for ./shareView_rr@2x.png
2021-08-25 07:53:13 +0000  copying file ./ResourceHanRoundedCN-Regular.ttf ... 
2021-08-25 07:53:13 +0000  14663464 bytes for ./ResourceHanRoundedCN-Regular.ttf
copying file ./Assets.car ... 
2021-08-25 07:53:13 +0000  11475256 bytes for ./Assets.car
2021-08-25 07:53:13 +0000  copying file ./closeFlish@3x.png ... 
2021-08-25 07:53:13 +0000  3669 bytes for ./closeFlish@3x.png
2021-08-25 07:53:13 +0000  copying file ./start_up.mp4 ... 
2021-08-25 07:53:13 +0000  580855 bytes for ./start_up.mp4
2021-08-25 07:53:13 +0000  copying file ./BrandAsset@2x.png ... 
2021-08-25 07:53:13 +0000  52039 bytes for ./BrandAsset@2x.png
2021-08-25 07:53:13 +0000  copying file ./shareView_rr@3x.png ... 
2021-08-25 07:53:13 +0000  4112 bytes for ./shareView_rr@3x.png
2021-08-25 07:53:13 +0000  copying file ./shareView_msg.png ... 
2021-08-25 07:53:13 +0000  1679 bytes for ./shareView_msg.png
2021-08-25 07:53:13 +0000  copying file ./shareView_qzone.png ... 
2021-08-25 07:53:13 +0000  1885 bytes for ./shareView_qzone.png
2021-08-25 07:53:13 +0000  copying file ./share_copyLink@3x.png ... 
2021-08-25 07:53:13 +0000  3599 bytes for ./share_copyLink@3x.png
2021-08-25 07:53:13 +0000  copying file ./App_loading_screen.mp4 ... 
2021-08-25 07:53:13 +0000  3271107 bytes for ./App_loading_screen.mp4
2021-08-25 07:53:13 +0000  copying file ./BrandAsset-1100-Portrait-2436h@3x.png ... 
2021-08-25 07:53:13 +0000  106002 bytes for ./BrandAsset-1100-Portrait-2436h@3x.png
2021-08-25 07:53:13 +0000  copying file ./shareView_friend.png ... 
2021-08-25 07:53:13 +0000  2300 bytes for ./shareView_friend.png
2021-08-25 07:53:13 +0000  copying file ./shareView_qzone@3x.png ... 
2021-08-25 07:53:13 +0000  4332 bytes for ./shareView_qzone@3x.png
2021-08-25 07:53:13 +0000  copying file ./ResourceHanRoundedCN-Medium.ttf ... 
2021-08-25 07:53:13 +0000  14423652 bytes for ./ResourceHanRoundedCN-Medium.ttf
2021-08-25 07:53:13 +0000  copying file ./SensorsAnalyticsSDK.bundle/sa_mcc_mnc_mini.json ... 
2021-08-25 07:53:13 +0000  43080 bytes for ./SensorsAnalyticsSDK.bundle/sa_mcc_mnc_mini.json
2021-08-25 07:53:13 +0000  copying file ./backPhoto@3x.png ... 
2021-08-25 07:53:13 +0000  4710 bytes for ./backPhoto@3x.png
2021-08-25 07:53:13 +0000  copying file ./embedded.mobileprovision ... 
2021-08-25 07:53:13 +0000  21522 bytes for ./embedded.mobileprovision
2021-08-25 07:53:13 +0000  copying file ./Boot_screen_long.mp4 ... 
2021-08-25 07:53:13 +0000  1134093 bytes for ./Boot_screen_long.mp4
2021-08-25 07:53:13 +0000  copying file ./shareView_qzone@2x.png ... 
2021-08-25 07:53:13 +0000  4174 bytes for ./shareView_qzone@2x.png
2021-08-25 07:53:13 +0000  copying file ./Info.plist ... 
2021-08-25 07:53:13 +0000  2898 bytes for ./Info.plist
2021-08-25 07:53:13 +0000  copying file ./BrandAsset.png ... 
2021-08-25 07:53:13 +0000  23683 bytes for ./BrandAsset.png
2021-08-25 07:53:13 +0000  copying file ./shareView_rr.png ... 
2021-08-25 07:53:13 +0000  1922 bytes for ./shareView_rr.png
2021-08-25 07:53:13 +0000  copying file ./MyFinishViewController.nib ... 
2021-08-25 07:53:13 +0000  3987 bytes for ./MyFinishViewController.nib
2021-08-25 07:53:13 +0000  copying file ./PkgInfo ... 
2021-08-25 07:53:13 +0000  8 bytes for ./PkgInfo
2021-08-25 07:53:13 +0000  copying file ./share_copyLink@2x.png ... 
2021-08-25 07:53:13 +0000  4524 bytes for ./share_copyLink@2x.png
2021-08-25 07:53:13 +0000  copying file ./surePhoto@3x.png ... 
2021-08-25 07:53:13 +0000  4928 bytes for ./surePhoto@3x.png
2021-08-25 07:53:13 +0000  copying file ./MGLiveResource.bundle/MegLive_model ... 
2021-08-25 07:53:13 +0000  468552 bytes for ./MGLiveResource.bundle/MegLive_model
2021-08-25 07:53:13 +0000  copying file ./MGLiveResource.bundle/MGFaceDetection.strings ... 
2021-08-25 07:53:13 +0000  1093 bytes for ./MGLiveResource.bundle/MGFaceDetection.strings
2021-08-25 07:53:13 +0000  copying file ./MGLiveResource.bundle/image/head-openMouse.png ... 
2021-08-25 07:53:13 +0000  69824 bytes for ./MGLiveResource.bundle/image/head-openMouse.png
2021-08-25 07:53:13 +0000  copying file ./MGLiveResource.bundle/image/head-eye.png ... 
2021-08-25 07:53:13 +0000  57932 bytes for ./MGLiveResource.bundle/image/head-eye.png
2021-08-25 07:53:13 +0000  copying file ./MGLiveResource.bundle/image/header_bg_img.png ... 
2021-08-25 07:53:13 +0000  12401 bytes for ./MGLiveResource.bundle/image/header_bg_img.png
2021-08-25 07:53:13 +0000  copying file ./MGLiveResource.bundle/image/head-left.png ... 
2021-08-25 07:53:13 +0000  78274 bytes for ./MGLiveResource.bundle/image/head-left.png
2021-08-25 07:53:13 +0000  copying file ./MGLiveResource.bundle/image/head-up.png ... 
2021-08-25 07:53:13 +0000  69495 bytes for ./MGLiveResource.bundle/image/head-up.png
copying file ./MGLiveResource.bundle/image/header_first.png ... 
2021-08-25 07:53:13 +0000  59359 bytes for ./MGLiveResource.bundle/image/header_first.png
copying file ./MGLiveResource.bundle/image/head-down.png ... 
2021-08-25 07:53:13 +0000  58343 bytes for ./MGLiveResource.bundle/image/head-down.png
copying file ./MGLiveResource.bundle/image/head-blink.png ... 
2021-08-25 07:53:13 +0000  58735 bytes for ./MGLiveResource.bundle/image/head-blink.png
2021-08-25 07:53:13 +0000  copying file ./MGLiveResource.bundle/image/head-right.png ... 
2021-08-25 07:53:13 +0000  78349 bytes for ./MGLiveResource.bundle/image/head-right.png
2021-08-25 07:53:13 +0000  copying file ./MGLiveResource.bundle/audio/meglive_yaw1.mp3 ... 
2021-08-25 07:53:13 +0000  47691 bytes for ./MGLiveResource.bundle/audio/meglive_yaw1.mp3
copying file ./MGLiveResource.bundle/audio/meglive_pitch_down.mp3 ... 
2021-08-25 07:53:13 +0000  26375 bytes for ./MGLiveResource.bundle/audio/meglive_pitch_down.mp3
2021-08-25 07:53:13 +0000  copying file ./MGLiveResource.bundle/audio/meglive_well_done.mp3 ... 
2021-08-25 07:53:13 +0000  17180 bytes for ./MGLiveResource.bundle/audio/meglive_well_done.mp3
2021-08-25 07:53:13 +0000  copying file ./MGLiveResource.bundle/audio/meglive_mouth_open2.mp3 ... 
2021-08-25 07:53:13 +0000  18016 bytes for ./MGLiveResource.bundle/audio/meglive_mouth_open2.mp3
2021-08-25 07:53:13 +0000  copying file ./MGLiveResource.bundle/audio/meglive_eye_blink2.mp3 ... 
2021-08-25 07:53:13 +0000  17180 bytes for ./MGLiveResource.bundle/audio/meglive_eye_blink2.mp3
2021-08-25 07:53:13 +0000  copying file ./oastart.json ... 
2021-08-25 07:53:13 +0000  6338 bytes for ./oastart.json
2021-08-25 07:53:13 +0000  /usr/bin/ditto exited with 0
2021-08-25 07:53:13 +0000  Processing step: IDEDistributionEmbedProfileStep
2021-08-25 07:53:13 +0000  Processing step: IDEDistributionInfoPlistStep
2021-08-25 07:53:13 +0000  Skipping step: IDEDistributionInfoPlistStep because it said so
2021-08-25 07:53:13 +0000  Processing step: IDEDistributionAppThinningPlistStep
2021-08-25 07:53:13 +0000  Skipping step: IDEDistributionAppThinningPlistStep because it said so
2021-08-25 07:53:13 +0000  Processing step: IDEDistributionCompileBitcodeStep
2021-08-25 07:53:13 +0000  Skipping step: IDEDistributionCompileBitcodeStep because it said so
2021-08-25 07:53:13 +0000  Processing step: IDEDistributionCodeSlimmingStep
2021-08-25 07:53:13 +0000  Processing step: IDEDistributionCopyBCSymbolMapsStep
2021-08-25 07:53:13 +0000  Skipping step: IDEDistributionCopyBCSymbolMapsStep because it said so
2021-08-25 07:53:13 +0000  Processing step: IDEDistributionSymbolsStep
2021-08-25 07:53:13 +0000  Skipping step: IDEDistributionSymbolsStep because it said so
2021-08-25 07:53:13 +0000  Processing step: IDEDistributionAppThinningStep
2021-08-25 07:53:13 +0000  Skipping step: IDEDistributionAppThinningStep because it said so
2021-08-25 07:53:13 +0000  Processing step: IDEDistributionArchThinningStep
2021-08-25 07:53:13 +0000  Running /Applications/Xcode.app/Contents/Developer/Toolchains/XcodeDefault.xctoolchain/usr/bin/lipo '/var/folders/3d/4p2n4cc51_j5371z1qfbzc680000gn/T/XcodeDistPipeline.~~~3jvDcm/Root/Payload/liqiaobank.app/liqiaobank' '-verify_arch' 'arm64e'
2021-08-25 07:53:13 +0000  /Applications/Xcode.app/Contents/Developer/Toolchains/XcodeDefault.xctoolchain/usr/bin/lipo exited with 1
2021-08-25 07:53:13 +0000  Skipping architecture thinning for item "liqiaobank" because arch "arm64e" wasn't found
2021-08-25 07:53:13 +0000  Processing step: IDEDistributionODRStep
2021-08-25 07:53:13 +0000  Processing step: IDEDistributionStripXattrsStep
2021-08-25 07:53:13 +0000  Running /usr/bin/xattr '-crs' '/var/folders/3d/4p2n4cc51_j5371z1qfbzc680000gn/T/XcodeDistPipeline.~~~3jvDcm/Root/Payload/liqiaobank.app'
2021-08-25 07:53:14 +0000  /usr/bin/xattr exited with 0
2021-08-25 07:53:14 +0000  Processing step: IDEDistributionCodesignStep
2021-08-25 07:53:14 +0000  Entitlements for <IDEDistributionItem: 0x7fa4b2fdb9b0; bundleID='com.bank.liqiao', path='<DVTFilePath:0x7fa4933350f0:'/Users/song/Library/Developer/Xcode/Archives/2021-08-25/liqiaobank 2021-8-25, 3.52 PM.xcarchive/Products/Applications/liqiaobank.app'>', codeSigningInfo='<_DVTCodeSigningInformation_Path: 0x7fa49ac34f90; isSigned='1', isAdHocSigned='0', signingCertificate='<DVTSigningCertificate: 0x7fa49722f870; name='Apple Development: 劲松 袁 (T4Q8U2597P)', hash='44FC5708B554E67E64E5E867F4CCC5095B43A3CD', serialNumber='<DVTSigningCertificateSerialNumber: 0x7fa4b969b270>', certificateKinds='(
    "1.2.840.113635.100.6.1.12",
    "1.2.840.113635.100.6.1.2"
), issueDate='2021-03-22 00:54:09 +0000''>', entitlements='{
    "application-identifier" = "NY2VV4UVY5.com.bank.liqiao";
    "aps-environment" = development;
    "com.apple.developer.team-identifier" = NY2VV4UVY5;
    "get-task-allow" = 1;
}', teamID='NY2VV4UVY5', identifier='com.bank.liqiao', executablePath='<DVTFilePath:0x7fa48940e1f0:'/Users/song/Library/Developer/Xcode/Archives/2021-08-25/liqiaobank 2021-8-25, 3.52 PM.xcarchive/Products/Applications/liqiaobank.app/liqiaobank'>', hardenedRuntime='0'>'>: {
    "application-identifier" = "NY2VV4UVY5.com.bank.liqiao";
    "aps-environment" = development;
    "com.apple.developer.team-identifier" = NY2VV4UVY5;
    "get-task-allow" = 1;
}
2021-08-25 07:53:14 +0000  Entitlements for <IDEDistributionItem: 0x7fa4b2fdb9b0; bundleID='com.bank.liqiao', path='<DVTFilePath:0x7fa4933350f0:'/Users/song/Library/Developer/Xcode/Archives/2021-08-25/liqiaobank 2021-8-25, 3.52 PM.xcarchive/Products/Applications/liqiaobank.app'>', codeSigningInfo='<_DVTCodeSigningInformation_Path: 0x7fa49ac34f90; isSigned='1', isAdHocSigned='0', signingCertificate='<DVTSigningCertificate: 0x7fa4ac41b8b0; name='Apple Development: 劲松 袁 (T4Q8U2597P)', hash='44FC5708B554E67E64E5E867F4CCC5095B43A3CD', serialNumber='<DVTSigningCertificateSerialNumber: 0x7fa483d32f00>', certificateKinds='(
    "1.2.840.113635.100.6.1.12",
    "1.2.840.113635.100.6.1.2"
), issueDate='2021-03-22 00:54:09 +0000''>', entitlements='{
    "application-identifier" = "NY2VV4UVY5.com.bank.liqiao";
    "aps-environment" = development;
    "com.apple.developer.team-identifier" = NY2VV4UVY5;
    "get-task-allow" = 1;
}', teamID='NY2VV4UVY5', identifier='com.bank.liqiao', executablePath='<DVTFilePath:0x7fa48940e1f0:'/Users/song/Library/Developer/Xcode/Archives/2021-08-25/liqiaobank 2021-8-25, 3.52 PM.xcarchive/Products/Applications/liqiaobank.app/liqiaobank'>', hardenedRuntime='0'>'> are: {
    "application-identifier" = "NY2VV4UVY5.com.bank.liqiao";
    "aps-environment" = development;
    "com.apple.developer.team-identifier" = NY2VV4UVY5;
    "get-task-allow" = 1;
}
2021-08-25 07:53:14 +0000  Writing entitlements for <IDEDistributionItem: 0x7fa4b2fdb9b0; bundleID='com.bank.liqiao', path='<DVTFilePath:0x7fa4933350f0:'/Users/song/Library/Developer/Xcode/Archives/2021-08-25/liqiaobank 2021-8-25, 3.52 PM.xcarchive/Products/Applications/liqiaobank.app'>', codeSigningInfo='<_DVTCodeSigningInformation_Path: 0x7fa49ac34f90; isSigned='1', isAdHocSigned='0', signingCertificate='<DVTSigningCertificate: 0x7fa488b5b530; name='Apple Development: 劲松 袁 (T4Q8U2597P)', hash='44FC5708B554E67E64E5E867F4CCC5095B43A3CD', serialNumber='<DVTSigningCertificateSerialNumber: 0x7fa483df0380>', certificateKinds='(
    "1.2.840.113635.100.6.1.12",
    "1.2.840.113635.100.6.1.2"
), issueDate='2021-03-22 00:54:09 +0000''>', entitlements='{
    "application-identifier" = "NY2VV4UVY5.com.bank.liqiao";
    "aps-environment" = development;
    "com.apple.developer.team-identifier" = NY2VV4UVY5;
    "get-task-allow" = 1;
}', teamID='NY2VV4UVY5', identifier='com.bank.liqiao', executablePath='<DVTFilePath:0x7fa48940e1f0:'/Users/song/Library/Developer/Xcode/Archives/2021-08-25/liqiaobank 2021-8-25, 3.52 PM.xcarchive/Products/Applications/liqiaobank.app/liqiaobank'>', hardenedRuntime='0'>'> to: /var/folders/3d/4p2n4cc51_j5371z1qfbzc680000gn/T/XcodeDistPipeline.~~~3jvDcm/entitlements~~~TRFbGe
2021-08-25 07:53:14 +0000  Running /usr/bin/codesign '-vvv' '--force' '--sign' '44FC5708B554E67E64E5E867F4CCC5095B43A3CD' '--entitlements' '/var/folders/3d/4p2n4cc51_j5371z1qfbzc680000gn/T/XcodeDistPipeline.~~~3jvDcm/entitlements~~~TRFbGe' '--preserve-metadata=identifier,flags,runtime' '/var/folders/3d/4p2n4cc51_j5371z1qfbzc680000gn/T/XcodeDistPipeline.~~~3jvDcm/Root/Payload/liqiaobank.app'
2021-08-25 07:53:14 +0000  /var/folders/3d/4p2n4cc51_j5371z1qfbzc680000gn/T/XcodeDistPipeline.~~~3jvDcm/Root/Payload/liqiaobank.app: replacing existing signature
2021-08-25 07:53:14 +0000  /var/folders/3d/4p2n4cc51_j5371z1qfbzc680000gn/T/XcodeDistPipeline.~~~3jvDcm/Root/Payload/liqiaobank.app: signed app bundle with Mach-O thin (arm64) [com.bank.liqiao]
2021-08-25 07:53:14 +0000  /usr/bin/codesign exited with 0
2021-08-25 07:53:14 +0000  Processing step: IDEDistributionZipODRItemStep
2021-08-25 07:53:14 +0000  Skipping step: IDEDistributionZipODRItemStep because it said so
2021-08-25 07:53:14 +0000  Processing step: IDEDistributionCreateIPAStep
2021-08-25 07:53:14 +0000  Running /usr/bin/ditto '-V' '-c' '-k' '--norsrc' '/var/folders/3d/4p2n4cc51_j5371z1qfbzc680000gn/T/XcodeDistPipeline.~~~3jvDcm/Root' '/var/folders/3d/4p2n4cc51_j5371z1qfbzc680000gn/T/XcodeDistPipeline.~~~3jvDcm/Packages/立橋銀行.ipa'
2021-08-25 07:53:14 +0000  >>> Copying /var/folders/3d/4p2n4cc51_j5371z1qfbzc680000gn/T/XcodeDistPipeline.~~~3jvDcm/Root 
2021-08-25 07:53:14 +0000  copying file ./Payload/liqiaobank.app/_CodeSignature/CodeResources ... 
2021-08-25 07:53:14 +0000  80106 bytes for ./Payload/liqiaobank.app/_CodeSignature/CodeResources
copying file ./Payload/liqiaobank.app/shareView_msg@2x.png ... 
2021-08-25 07:53:14 +0000  3400 bytes for ./Payload/liqiaobank.app/shareView_msg@2x.png
copying file ./Payload/liqiaobank.app/BrandAsset-800-Portrait-736h@3x.png ... 
2021-08-25 07:53:14 +0000  115596 bytes for ./Payload/liqiaobank.app/BrandAsset-800-Portrait-736h@3x.png
copying file ./Payload/liqiaobank.app/openFlish@3x.png ... 
2021-08-25 07:53:14 +0000  6764 bytes for ./Payload/liqiaobank.app/openFlish@3x.png
2021-08-25 07:53:14 +0000  copying file ./Payload/liqiaobank.app/zh-Hans.lproj/Localizable.strings ... 
2021-08-25 07:53:14 +0000  55914 bytes for ./Payload/liqiaobank.app/zh-Hans.lproj/Localizable.strings
2021-08-25 07:53:14 +0000  copying file ./Payload/liqiaobank.app/shareView_wb@2x.png ... 
4343 bytes for ./Payload/liqiaobank.app/shareView_wb@2x.png
2021-08-25 07:53:14 +0000  copying file ./Payload/liqiaobank.app/shareView_wx@3x.png ... 
2021-08-25 07:53:14 +0000  4232 bytes for ./Payload/liqiaobank.app/shareView_wx@3x.png
copying file ./Payload/liqiaobank.app/AppIcon20x20@2x.png ... 
2021-08-25 07:53:14 +0000  1478 bytes for ./Payload/liqiaobank.app/AppIcon20x20@2x.png
copying file ./Payload/liqiaobank.app/shareView_qq.png ... 
2021-08-25 07:53:14 +0000  1866 bytes for ./Payload/liqiaobank.app/shareView_qq.png
copying file ./Payload/liqiaobank.app/canclePhoto@3x.png ... 
2021-08-25 07:53:14 +0000  3594 bytes for ./Payload/liqiaobank.app/canclePhoto@3x.png
2021-08-25 07:53:14 +0000  copying file ./Payload/liqiaobank.app/en.lproj/Localizable.strings ... 
2021-08-25 07:53:14 +0000  46178 bytes for ./Payload/liqiaobank.app/en.lproj/Localizable.strings
copying file ./Payload/liqiaobank.app/ResourceHanRoundedCN-Normal.ttf ... 
2021-08-25 07:53:15 +0000  14757776 bytes for ./Payload/liqiaobank.app/ResourceHanRoundedCN-Normal.ttf
copying file ./Payload/liqiaobank.app/takePhoto@3x.png ... 
2021-08-25 07:53:15 +0000  7781 bytes for ./Payload/liqiaobank.app/takePhoto@3x.png
copying file ./Payload/liqiaobank.app/AppIcon20x20@3x.png ... 
2021-08-25 07:53:15 +0000  2252 bytes for ./Payload/liqiaobank.app/AppIcon20x20@3x.png
copying file ./Payload/liqiaobank.app/LICENSE ... 
2021-08-25 07:53:15 +0000  1095 bytes for ./Payload/liqiaobank.app/LICENSE
copying file ./Payload/liqiaobank.app/shareView_wx@2x.png ... 
2021-08-25 07:53:15 +0000  4268 bytes for ./Payload/liqiaobank.app/shareView_wx@2x.png
2021-08-25 07:53:15 +0000  copying file ./Payload/liqiaobank.app/liqiaobank ... 
2021-08-25 07:53:15 +0000  15328416 bytes for ./Payload/liqiaobank.app/liqiaobank
copying file ./Payload/liqiaobank.app/shareView_wb@3x.png ... 
2021-08-25 07:53:15 +0000  4552 bytes for ./Payload/liqiaobank.app/shareView_wb@3x.png
copying file ./Payload/liqiaobank.app/shareView_msg@3x.png ... 
2021-08-25 07:53:15 +0000  3448 bytes for ./Payload/liqiaobank.app/shareView_msg@3x.png
2021-08-25 07:53:15 +0000  copying file ./Payload/liqiaobank.app/MJRefresh.bundle/zh-Hans.lproj/Localizable.strings ... 
1368 bytes for ./Payload/liqiaobank.app/MJRefresh.bundle/zh-Hans.lproj/Localizable.strings
2021-08-25 07:53:15 +0000  copying file ./Payload/liqiaobank.app/MJRefresh.bundle/en.lproj/Localizable.strings ... 
2021-08-25 07:53:15 +0000  1374 bytes for ./Payload/liqiaobank.app/MJRefresh.bundle/en.lproj/Localizable.strings
copying file ./Payload/liqiaobank.app/MJRefresh.bundle/uk.lproj/Localizable.strings ... 
2021-08-25 07:53:15 +0000  1534 bytes for ./Payload/liqiaobank.app/MJRefresh.bundle/uk.lproj/Localizable.strings
copying file ./Payload/liqiaobank.app/MJRefresh.bundle/arrow@2x.png ... 
2021-08-25 07:53:15 +0000  1033 bytes for ./Payload/liqiaobank.app/MJRefresh.bundle/arrow@2x.png
copying file ./Payload/liqiaobank.app/MJRefresh.bundle/ko.lproj/Localizable.strings ... 
771 bytes for ./Payload/liqiaobank.app/MJRefresh.bundle/ko.lproj/Localizable.strings
2021-08-25 07:53:15 +0000  copying file ./Payload/liqiaobank.app/MJRefresh.bundle/zh-Hant.lproj/Localizable.strings ... 
891 bytes for ./Payload/liqiaobank.app/MJRefresh.bundle/zh-Hant.lproj/Localizable.strings
2021-08-25 07:53:15 +0000  copying file ./Payload/liqiaobank.app/MJRefresh.bundle/trail_arrow@2x.png ... 
2322 bytes for ./Payload/liqiaobank.app/MJRefresh.bundle/trail_arrow@2x.png
2021-08-25 07:53:15 +0000  copying file ./Payload/liqiaobank.app/MJRefresh.bundle/ru.lproj/Localizable.strings ... 
1502 bytes for ./Payload/liqiaobank.app/MJRefresh.bundle/ru.lproj/Localizable.strings
2021-08-25 07:53:15 +0000  copying file ./Payload/liqiaobank.app/cameraPhoto@3x.png ... 
2021-08-25 07:53:15 +0000  3500 bytes for ./Payload/liqiaobank.app/cameraPhoto@3x.png
copying file ./Payload/liqiaobank.app/AppIcon60x60@2x.png ... 
2021-08-25 07:53:15 +0000  5194 bytes for ./Payload/liqiaobank.app/AppIcon60x60@2x.png
copying file ./Payload/liqiaobank.app/shareView_friend@2x.png ... 
2021-08-25 07:53:15 +0000  4720 bytes for ./Payload/liqiaobank.app/shareView_friend@2x.png
copying file ./Payload/liqiaobank.app/BrandAsset-700@2x.png ... 
2021-08-25 07:53:15 +0000  52039 bytes for ./Payload/liqiaobank.app/BrandAsset-700@2x.png
copying file ./Payload/liqiaobank.app/AppIcon29x29@2x.png ... 
2021-08-25 07:53:15 +0000  2165 bytes for ./Payload/liqiaobank.app/AppIcon29x29@2x.png
copying file ./Payload/liqiaobank.app/shareView_qq@3x.png ... 
2021-08-25 07:53:15 +0000  3868 bytes for ./Payload/liqiaobank.app/shareView_qq@3x.png
copying file ./Payload/liqiaobank.app/AppIcon40x40@3x.png ... 
2021-08-25 07:53:15 +0000  5194 bytes for ./Payload/liqiaobank.app/AppIcon40x40@3x.png
copying file ./Payload/liqiaobank.app/clipPhoto@3x.png ... 
2021-08-25 07:53:15 +0000  14171 bytes for ./Payload/liqiaobank.app/clipPhoto@3x.png
2021-08-25 07:53:15 +0000  copying file ./Payload/liqiaobank.app/BrandAsset-700-568h@2x.png ... 
2021-08-25 07:53:15 +0000  53147 bytes for ./Payload/liqiaobank.app/BrandAsset-700-568h@2x.png
2021-08-25 07:53:15 +0000  copying file ./Payload/liqiaobank.app/AppIcon40x40@2x.png ... 
2021-08-25 07:53:15 +0000  3347 bytes for ./Payload/liqiaobank.app/AppIcon40x40@2x.png
copying file ./Payload/liqiaobank.app/cameraFourEdging@3x.png ... 
2021-08-25 07:53:15 +0000  2771 bytes for ./Payload/liqiaobank.app/cameraFourEdging@3x.png
copying file ./Payload/liqiaobank.app/shareView_qq@2x.png ... 
2021-08-25 07:53:15 +0000  3905 bytes for ./Payload/liqiaobank.app/shareView_qq@2x.png
copying file ./Payload/liqiaobank.app/no_card_user.png ... 
2021-08-25 07:53:15 +0000  9148 bytes for ./Payload/liqiaobank.app/no_card_user.png
2021-08-25 07:53:15 +0000  copying file ./Payload/liqiaobank.app/AppIcon29x29@3x.png ... 
2021-08-25 07:53:15 +0000  3676 bytes for ./Payload/liqiaobank.app/AppIcon29x29@3x.png
copying file ./Payload/liqiaobank.app/shareView_friend@3x.png ... 
2021-08-25 07:53:15 +0000  4656 bytes for ./Payload/liqiaobank.app/shareView_friend@3x.png
2021-08-25 07:53:15 +0000  copying file ./Payload/liqiaobank.app/AppIcon60x60@3x.png ... 
2021-08-25 07:53:15 +0000  8066 bytes for ./Payload/liqiaobank.app/AppIcon60x60@3x.png
2021-08-25 07:53:15 +0000  copying file ./Payload/liqiaobank.app/zh-Hant.lproj/Localizable.strings ... 
2021-08-25 07:53:15 +0000  55924 bytes for ./Payload/liqiaobank.app/zh-Hant.lproj/Localizable.strings
2021-08-25 07:53:15 +0000  copying file ./Payload/liqiaobank.app/shareView_wb.png ... 
2021-08-25 07:53:15 +0000  1914 bytes for ./Payload/liqiaobank.app/shareView_wb.png
copying file ./Payload/liqiaobank.app/BrandAsset-568h@2x.png ... 
2021-08-25 07:53:15 +0000  53147 bytes for ./Payload/liqiaobank.app/BrandAsset-568h@2x.png
copying file ./Payload/liqiaobank.app/README.md ... 
2021-08-25 07:53:15 +0000  5394 bytes for ./Payload/liqiaobank.app/README.md
2021-08-25 07:53:15 +0000  copying file ./Payload/liqiaobank.app/shareView_wx.png ... 
1695 bytes for ./Payload/liqiaobank.app/shareView_wx.png
copying file ./Payload/liqiaobank.app/AAC解码算法原理.pdf ... 
2021-08-25 07:53:15 +0000  386410 bytes for ./Payload/liqiaobank.app/AAC解码算法原理.pdf
copying file ./Payload/liqiaobank.app/BrandAsset-800-667h@2x.png ... 
2021-08-25 07:53:16 +0000  62515 bytes for ./Payload/liqiaobank.app/BrandAsset-800-667h@2x.png
copying file ./Payload/liqiaobank.app/loading@2x.gif ... 
2021-08-25 07:53:16 +0000  9162 bytes for ./Payload/liqiaobank.app/loading@2x.gif
2021-08-25 07:53:16 +0000  copying file ./Payload/liqiaobank.app/AMap.bundle/GNaviConfig.xml ... 
173 bytes for ./Payload/liqiaobank.app/AMap.bundle/GNaviConfig.xml
copying file ./Payload/liqiaobank.app/AMap.bundle/res.zip ... 
2021-08-25 07:53:16 +0000  344060 bytes for ./Payload/liqiaobank.app/AMap.bundle/res.zip
2021-08-25 07:53:16 +0000  copying file ./Payload/liqiaobank.app/AMap.bundle/images/purplePin@3x.png ... 
2021-08-25 07:53:16 +0000  2617 bytes for ./Payload/liqiaobank.app/AMap.bundle/images/purplePin@3x.png
copying file ./Payload/liqiaobank.app/AMap.bundle/images/arrow_line_outer.png ... 
399 bytes for ./Payload/liqiaobank.app/AMap.bundle/images/arrow_line_outer.png
copying file ./Payload/liqiaobank.app/AMap.bundle/images/greenPin@3x.png ... 
2021-08-25 07:53:16 +0000  2707 bytes for ./Payload/liqiaobank.app/AMap.bundle/images/greenPin@3x.png
copying file ./Payload/liqiaobank.app/AMap.bundle/images/offline_shouqi_2@2x.png ... 
2021-08-25 07:53:16 +0000  221 bytes for ./Payload/liqiaobank.app/AMap.bundle/images/offline_shouqi_2@2x.png
copying file ./Payload/liqiaobank.app/AMap.bundle/images/particle_fog.png ... 
2021-08-25 07:53:16 +0000  79020 bytes for ./Payload/liqiaobank.app/AMap.bundle/images/particle_fog.png
2021-08-25 07:53:16 +0000  copying file ./Payload/liqiaobank.app/AMap.bundle/images/lineTexture.png ... 
103 bytes for ./Payload/liqiaobank.app/AMap.bundle/images/lineTexture.png
copying file ./Payload/liqiaobank.app/AMap.bundle/images/greenPin_lift@3x.png ... 
2021-08-25 07:53:16 +0000  906 bytes for ./Payload/liqiaobank.app/AMap.bundle/images/greenPin_lift@3x.png
copying file ./Payload/liqiaobank.app/AMap.bundle/images/greenPin_lift@2x.png ... 
631 bytes for ./Payload/liqiaobank.app/AMap.bundle/images/greenPin_lift@2x.png
copying file ./Payload/liqiaobank.app/AMap.bundle/images/offline_shouqi@2x.png ... 
2021-08-25 07:53:16 +0000  197 bytes for ./Payload/liqiaobank.app/AMap.bundle/images/offline_shouqi@2x.png
copying file ./Payload/liqiaobank.app/AMap.bundle/images/offline_zhankai@2x.png ... 
200 bytes for ./Payload/liqiaobank.app/AMap.bundle/images/offline_zhankai@2x.png
2021-08-25 07:53:16 +0000  copying file ./Payload/liqiaobank.app/AMap.bundle/images/particle_rain.png ... 
477 bytes for ./Payload/liqiaobank.app/AMap.bundle/images/particle_rain.png
copying file ./Payload/liqiaobank.app/AMap.bundle/images/calloutArrowMask.png ... 
2021-08-25 07:53:16 +0000  271 bytes for ./Payload/liqiaobank.app/AMap.bundle/images/calloutArrowMask.png
copying file ./Payload/liqiaobank.app/AMap.bundle/images/traffic_texture_red.png ... 
315 bytes for ./Payload/liqiaobank.app/AMap.bundle/images/traffic_texture_red.png
copying file ./Payload/liqiaobank.app/AMap.bundle/images/calloutArrowMask@2x.png ... 
2021-08-25 07:53:16 +0000  410 bytes for ./Payload/liqiaobank.app/AMap.bundle/images/calloutArrowMask@2x.png
copying file ./Payload/liqiaobank.app/AMap.bundle/images/greenPin@2x.png ... 
2021-08-25 07:53:16 +0000  1893 bytes for ./Payload/liqiaobank.app/AMap.bundle/images/greenPin@2x.png
copying file ./Payload/liqiaobank.app/AMap.bundle/images/particle_sun_1.png ... 
1078 bytes for ./Payload/liqiaobank.app/AMap.bundle/images/particle_sun_1.png
2021-08-25 07:53:16 +0000  copying file ./Payload/liqiaobank.app/AMap.bundle/images/particle_sun_0.png ... 
1116 bytes for ./Payload/liqiaobank.app/AMap.bundle/images/particle_sun_0.png
copying file ./Payload/liqiaobank.app/AMap.bundle/images/purplePin@2x.png ... 
2021-08-25 07:53:16 +0000  1873 bytes for ./Payload/liqiaobank.app/AMap.bundle/images/purplePin@2x.png
2021-08-25 07:53:16 +0000  copying file ./Payload/liqiaobank.app/AMap.bundle/images/offline_sousuo@2x.png ... 
518 bytes for ./Payload/liqiaobank.app/AMap.bundle/images/offline_sousuo@2x.png
2021-08-25 07:53:16 +0000  copying file ./Payload/liqiaobank.app/AMap.bundle/images/select_.png ... 
479 bytes for ./Payload/liqiaobank.app/AMap.bundle/images/select_.png
copying file ./Payload/liqiaobank.app/AMap.bundle/images/pin_shadow.png ... 
2021-08-25 07:53:16 +0000  609 bytes for ./Payload/liqiaobank.app/AMap.bundle/images/pin_shadow.png
copying file ./Payload/liqiaobank.app/AMap.bundle/images/offline_clear@2x.png ... 
2021-08-25 07:53:16 +0000  715 bytes for ./Payload/liqiaobank.app/AMap.bundle/images/offline_clear@2x.png
copying file ./Payload/liqiaobank.app/AMap.bundle/images/arrow_line_inner.png ... 
335 bytes for ./Payload/liqiaobank.app/AMap.bundle/images/arrow_line_inner.png
copying file ./Payload/liqiaobank.app/AMap.bundle/images/greenPin.png ... 
2021-08-25 07:53:16 +0000  988 bytes for ./Payload/liqiaobank.app/AMap.bundle/images/greenPin.png
copying file ./Payload/liqiaobank.app/AMap.bundle/images/offline_down@2x.png ... 
2021-08-25 07:53:16 +0000  511 bytes for ./Payload/liqiaobank.app/AMap.bundle/images/offline_down@2x.png
copying file ./Payload/liqiaobank.app/AMap.bundle/images/arrow_line_3d_shadow.png ... 
2021-08-25 07:53:16 +0000  824 bytes for ./Payload/liqiaobank.app/AMap.bundle/images/arrow_line_3d_shadow.png
copying file ./Payload/liqiaobank.app/AMap.bundle/images/purplePin_lift.png ... 
2021-08-25 07:53:16 +0000  326 bytes for ./Payload/liqiaobank.app/AMap.bundle/images/purplePin_lift.png
copying file ./Payload/liqiaobank.app/AMap.bundle/images/redPin_lift@3x.png ... 
880 bytes for ./Payload/liqiaobank.app/AMap.bundle/images/redPin_lift@3x.png
copying file ./Payload/liqiaobank.app/AMap.bundle/images/redPin_lift.png ... 
2021-08-25 07:53:16 +0000  338 bytes for ./Payload/liqiaobank.app/AMap.bundle/images/redPin_lift.png
copying file ./Payload/liqiaobank.app/AMap.bundle/images/particle_haze.png ... 
2021-08-25 07:53:16 +0000  260 bytes for ./Payload/liqiaobank.app/AMap.bundle/images/particle_haze.png
copying file ./Payload/liqiaobank.app/AMap.bundle/images/lineDashTexture.png ... 
2021-08-25 07:53:16 +0000  171 bytes for ./Payload/liqiaobank.app/AMap.bundle/images/lineDashTexture.png
copying file ./Payload/liqiaobank.app/AMap.bundle/images/traffic_texture_blue.png ... 
2021-08-25 07:53:16 +0000  308 bytes for ./Payload/liqiaobank.app/AMap.bundle/images/traffic_texture_blue.png
copying file ./Payload/liqiaobank.app/AMap.bundle/images/traffic_texture_green.png ... 
2021-08-25 07:53:16 +0000  263 bytes for ./Payload/liqiaobank.app/AMap.bundle/images/traffic_texture_green.png
copying file ./Payload/liqiaobank.app/AMap.bundle/images/traffic_texture_yellow.png ... 
2021-08-25 07:53:16 +0000  291 bytes for ./Payload/liqiaobank.app/AMap.bundle/images/traffic_texture_yellow.png
copying file ./Payload/liqiaobank.app/AMap.bundle/images/marker_blue@2x.png ... 
2021-08-25 07:53:16 +0000  1361 bytes for ./Payload/liqiaobank.app/AMap.bundle/images/marker_blue@2x.png
copying file ./Payload/liqiaobank.app/AMap.bundle/images/arrow_line_3d_outer.png ... 
2021-08-25 07:53:16 +0000  329 bytes for ./Payload/liqiaobank.app/AMap.bundle/images/arrow_line_3d_outer.png
copying file ./Payload/liqiaobank.app/AMap.bundle/images/purplePin.png ... 
2021-08-25 07:53:16 +0000  988 bytes for ./Payload/liqiaobank.app/AMap.bundle/images/purplePin.png
copying file ./Payload/liqiaobank.app/AMap.bundle/images/redPin_lift@2x.png ... 
2021-08-25 07:53:16 +0000  639 bytes for ./Payload/liqiaobank.app/AMap.bundle/images/redPin_lift@2x.png
2021-08-25 07:53:16 +0000  copying file ./Payload/liqiaobank.app/AMap.bundle/images/particle_snow.png ... 
2021-08-25 07:53:16 +0000  683 bytes for ./Payload/liqiaobank.app/AMap.bundle/images/particle_snow.png
copying file ./Payload/liqiaobank.app/AMap.bundle/images/traffic_texture_darkred.png ... 
2021-08-25 07:53:16 +0000  281 bytes for ./Payload/liqiaobank.app/AMap.bundle/images/traffic_texture_darkred.png
copying file ./Payload/liqiaobank.app/AMap.bundle/images/select_@3x.png ... 
2021-08-25 07:53:16 +0000  1103 bytes for ./Payload/liqiaobank.app/AMap.bundle/images/select_@3x.png
2021-08-25 07:53:16 +0000  copying file ./Payload/liqiaobank.app/AMap.bundle/images/lineDashTextureDot.png ... 
432 bytes for ./Payload/liqiaobank.app/AMap.bundle/images/lineDashTextureDot.png
2021-08-25 07:53:16 +0000  copying file ./Payload/liqiaobank.app/AMap.bundle/images/pin_shadow@2x.png ... 
2021-08-25 07:53:16 +0000  1155 bytes for ./Payload/liqiaobank.app/AMap.bundle/images/pin_shadow@2x.png
copying file ./Payload/liqiaobank.app/AMap.bundle/images/redPin@3x.png ... 
2021-08-25 07:53:16 +0000  2718 bytes for ./Payload/liqiaobank.app/AMap.bundle/images/redPin@3x.png
2021-08-25 07:53:16 +0000  copying file ./Payload/liqiaobank.app/AMap.bundle/images/purplePin_lift@2x.png ... 
2021-08-25 07:53:16 +0000  625 bytes for ./Payload/liqiaobank.app/AMap.bundle/images/purplePin_lift@2x.png
copying file ./Payload/liqiaobank.app/AMap.bundle/images/purplePin_lift@3x.png ... 
2021-08-25 07:53:16 +0000  869 bytes for ./Payload/liqiaobank.app/AMap.bundle/images/purplePin_lift@3x.png
copying file ./Payload/liqiaobank.app/AMap.bundle/images/lineTextureThin.png ... 
134 bytes for ./Payload/liqiaobank.app/AMap.bundle/images/lineTextureThin.png
copying file ./Payload/liqiaobank.app/AMap.bundle/images/redPin@2x.png ... 
2021-08-25 07:53:16 +0000  1878 bytes for ./Payload/liqiaobank.app/AMap.bundle/images/redPin@2x.png
2021-08-25 07:53:16 +0000  copying file ./Payload/liqiaobank.app/AMap.bundle/images/offline_zhankai_2@2x.png ... 
217 bytes for ./Payload/liqiaobank.app/AMap.bundle/images/offline_zhankai_2@2x.png
copying file ./Payload/liqiaobank.app/AMap.bundle/images/pin_shadow@3x.png ... 
2021-08-25 07:53:16 +0000  1817 bytes for ./Payload/liqiaobank.app/AMap.bundle/images/pin_shadow@3x.png
2021-08-25 07:53:16 +0000  copying file ./Payload/liqiaobank.app/AMap.bundle/images/traffic_texture_gray.png ... 
2021-08-25 07:53:16 +0000  291 bytes for ./Payload/liqiaobank.app/AMap.bundle/images/traffic_texture_gray.png
copying file ./Payload/liqiaobank.app/AMap.bundle/images/arrow_line_3d_inner.png ... 
2021-08-25 07:53:16 +0000  401 bytes for ./Payload/liqiaobank.app/AMap.bundle/images/arrow_line_3d_inner.png
copying file ./Payload/liqiaobank.app/AMap.bundle/images/redPin.png ... 
2021-08-25 07:53:16 +0000  983 bytes for ./Payload/liqiaobank.app/AMap.bundle/images/redPin.png
copying file ./Payload/liqiaobank.app/AMap.bundle/images/select_@2x.png ... 
479 bytes for ./Payload/liqiaobank.app/AMap.bundle/images/select_@2x.png
2021-08-25 07:53:16 +0000  copying file ./Payload/liqiaobank.app/AMap.bundle/images/marker_blue.png ... 
667 bytes for ./Payload/liqiaobank.app/AMap.bundle/images/marker_blue.png
copying file ./Payload/liqiaobank.app/AMap.bundle/images/greenPin_lift.png ... 
2021-08-25 07:53:16 +0000  325 bytes for ./Payload/liqiaobank.app/AMap.bundle/images/greenPin_lift.png
2021-08-25 07:53:16 +0000  copying file ./Payload/liqiaobank.app/AMap.bundle/res.ck ... 
33 bytes for ./Payload/liqiaobank.app/AMap.bundle/res.ck
copying file ./Payload/liqiaobank.app/AMap.bundle/offline/offlinePackage.plist ... 
2021-08-25 07:53:16 +0000  108395 bytes for ./Payload/liqiaobank.app/AMap.bundle/offline/offlinePackage.plist
2021-08-25 07:53:16 +0000  copying file ./Payload/liqiaobank.app/AMap.bundle/AMap3D.bundle/3d_navi_sky_day.data ... 
2021-08-25 07:53:16 +0000  1823 bytes for ./Payload/liqiaobank.app/AMap.bundle/AMap3D.bundle/3d_navi_sky_day.data
2021-08-25 07:53:16 +0000  copying file ./Payload/liqiaobank.app/AMap.bundle/AMap3D.bundle/dash.data ... 
2021-08-25 07:53:16 +0000  241 bytes for ./Payload/liqiaobank.app/AMap.bundle/AMap3D.bundle/dash.data
copying file ./Payload/liqiaobank.app/AMap.bundle/AMap3D.bundle/anscii_0.png ... 
2021-08-25 07:53:16 +0000  14904 bytes for ./Payload/liqiaobank.app/AMap.bundle/AMap3D.bundle/anscii_0.png
2021-08-25 07:53:16 +0000  copying file ./Payload/liqiaobank.app/AMap.bundle/AMap3D.bundle/VM3DRes/grass_night.png ... 
82 bytes for ./Payload/liqiaobank.app/AMap.bundle/AMap3D.bundle/VM3DRes/grass_night.png
copying file ./Payload/liqiaobank.app/AMap.bundle/AMap3D.bundle/VM3DRes/cross_sky_night.png ... 
2021-08-25 07:53:16 +0000  14313 bytes for ./Payload/liqiaobank.app/AMap.bundle/AMap3D.bundle/VM3DRes/cross_sky_night.png
copying file ./Payload/liqiaobank.app/AMap.bundle/AMap3D.bundle/VM3DRes/d_yellow_night.png ... 
2021-08-25 07:53:16 +0000  111 bytes for ./Payload/liqiaobank.app/AMap.bundle/AMap3D.bundle/VM3DRes/d_yellow_night.png
copying file ./Payload/liqiaobank.app/AMap.bundle/AMap3D.bundle/VM3DRes/cross_bk_grass_day.png ... 
2021-08-25 07:53:16 +0000  75169 bytes for ./Payload/liqiaobank.app/AMap.bundle/AMap3D.bundle/VM3DRes/cross_bk_grass_day.png
copying file ./Payload/liqiaobank.app/AMap.bundle/AMap3D.bundle/VM3DRes/road_bottom_day.png ... 
2021-08-25 07:53:16 +0000  88 bytes for ./Payload/liqiaobank.app/AMap.bundle/AMap3D.bundle/VM3DRes/road_bottom_day.png
copying file ./Payload/liqiaobank.app/AMap.bundle/AMap3D.bundle/VM3DRes/1016_1.png ... 
2021-08-25 07:53:16 +0000  348 bytes for ./Payload/liqiaobank.app/AMap.bundle/AMap3D.bundle/VM3DRes/1016_1.png
copying file ./Payload/liqiaobank.app/AMap.bundle/AMap3D.bundle/VM3DRes/1016_2.png ... 
2021-08-25 07:53:16 +0000  276 bytes for ./Payload/liqiaobank.app/AMap.bundle/AMap3D.bundle/VM3DRes/1016_2.png
copying file ./Payload/liqiaobank.app/AMap.bundle/AMap3D.bundle/VM3DRes/d_yellow_day.png ... 
111 bytes for ./Payload/liqiaobank.app/AMap.bundle/AMap3D.bundle/VM3DRes/d_yellow_day.png
copying file ./Payload/liqiaobank.app/AMap.bundle/AMap3D.bundle/VM3DRes/exit_label_bk_secondary_day.png ... 
2021-08-25 07:53:16 +0000  169 bytes for ./Payload/liqiaobank.app/AMap.bundle/AMap3D.bundle/VM3DRes/exit_label_bk_secondary_day.png
copying file ./Payload/liqiaobank.app/AMap.bundle/AMap3D.bundle/VM3DRes/grass_day.png ... 
82 bytes for ./Payload/liqiaobank.app/AMap.bundle/AMap3D.bundle/VM3DRes/grass_day.png
copying file ./Payload/liqiaobank.app/AMap.bundle/AMap3D.bundle/VM3DRes/1015_1.png ... 
2021-08-25 07:53:16 +0000  108 bytes for ./Payload/liqiaobank.app/AMap.bundle/AMap3D.bundle/VM3DRes/1015_1.png
copying file ./Payload/liqiaobank.app/AMap.bundle/AMap3D.bundle/VM3DRes/cross_bk_grass_night.png ... 
2021-08-25 07:53:16 +0000  54512 bytes for ./Payload/liqiaobank.app/AMap.bundle/AMap3D.bundle/VM3DRes/cross_bk_grass_night.png
copying file ./Payload/liqiaobank.app/AMap.bundle/AMap3D.bundle/VM3DRes/roadbk_main_day.png ... 
2021-08-25 07:53:16 +0000  99 bytes for ./Payload/liqiaobank.app/AMap.bundle/AMap3D.bundle/VM3DRes/roadbk_main_day.png
copying file ./Payload/liqiaobank.app/AMap.bundle/AMap3D.bundle/VM3DRes/1015_2.png ... 
108 bytes for ./Payload/liqiaobank.app/AMap.bundle/AMap3D.bundle/VM3DRes/1015_2.png
2021-08-25 07:53:16 +0000  copying file ./Payload/liqiaobank.app/AMap.bundle/AMap3D.bundle/VM3DRes/exit_label_bk_main_day.png ... 
2021-08-25 07:53:16 +0000  169 bytes for ./Payload/liqiaobank.app/AMap.bundle/AMap3D.bundle/VM3DRes/exit_label_bk_main_day.png
copying file ./Payload/liqiaobank.app/AMap.bundle/AMap3D.bundle/VM3DRes/cross_sky_day.png ... 
2021-08-25 07:53:16 +0000  17631 bytes for ./Payload/liqiaobank.app/AMap.bundle/AMap3D.bundle/VM3DRes/cross_sky_day.png
copying file ./Payload/liqiaobank.app/AMap.bundle/AMap3D.bundle/VM3DRes/road_bottom_night.png ... 
2021-08-25 07:53:16 +0000  88 bytes for ./Payload/liqiaobank.app/AMap.bundle/AMap3D.bundle/VM3DRes/road_bottom_night.png
copying file ./Payload/liqiaobank.app/AMap.bundle/AMap3D.bundle/VM3DRes/roadbk_main_night.png ... 
82 bytes for ./Payload/liqiaobank.app/AMap.bundle/AMap3D.bundle/VM3DRes/roadbk_main_night.png
2021-08-25 07:53:16 +0000  copying file ./Payload/liqiaobank.app/AMap.bundle/AMap3D.bundle/style_17_17_1594715345.data ... 
303 bytes for ./Payload/liqiaobank.app/AMap.bundle/AMap3D.bundle/style_17_17_1594715345.data
copying file ./Payload/liqiaobank.app/AMap.bundle/AMap3D.bundle/bktile_n.data ... 
2021-08-25 07:53:16 +0000  109 bytes for ./Payload/liqiaobank.app/AMap.bundle/AMap3D.bundle/bktile_n.data
copying file ./Payload/liqiaobank.app/AMap.bundle/AMap3D.bundle/icons_40_17_1597739013.data ... 
2021-08-25 07:53:16 +0000  18754 bytes for ./Payload/liqiaobank.app/AMap.bundle/AMap3D.bundle/icons_40_17_1597739013.data
2021-08-25 07:53:16 +0000  copying file ./Payload/liqiaobank.app/AMap.bundle/AMap3D.bundle/tmc3d_allinone.data ... 
2021-08-25 07:53:16 +0000  87455 bytes for ./Payload/liqiaobank.app/AMap.bundle/AMap3D.bundle/tmc3d_allinone.data
2021-08-25 07:53:16 +0000  copying file ./Payload/liqiaobank.app/AMap.bundle/AMap3D.bundle/bktile.data ... 
109 bytes for ./Payload/liqiaobank.app/AMap.bundle/AMap3D.bundle/bktile.data
copying file ./Payload/liqiaobank.app/AMap.bundle/AMap3D.bundle/style_101_17_1594715411.data ... 
2021-08-25 07:53:16 +0000  3604 bytes for ./Payload/liqiaobank.app/AMap.bundle/AMap3D.bundle/style_101_17_1594715411.data
2021-08-25 07:53:16 +0000  copying file ./Payload/liqiaobank.app/AMap.bundle/AMap3D.bundle/3dportrait.xml ... 
2021-08-25 07:53:16 +0000  4336 bytes for ./Payload/liqiaobank.app/AMap.bundle/AMap3D.bundle/3dportrait.xml
copying file ./Payload/liqiaobank.app/AMap.bundle/AMap3D.bundle/3dlandscape.xml ... 
2021-08-25 07:53:16 +0000  4336 bytes for ./Payload/liqiaobank.app/AMap.bundle/AMap3D.bundle/3dlandscape.xml
copying file ./Payload/liqiaobank.app/AMap.bundle/AMap3D.bundle/tmc3d_n_allinone.data ... 
2021-08-25 07:53:16 +0000  87455 bytes for ./Payload/liqiaobank.app/AMap.bundle/AMap3D.bundle/tmc3d_n_allinone.data
2021-08-25 07:53:16 +0000  copying file ./Payload/liqiaobank.app/AMap.bundle/AMap3D.bundle/dash_cd.data ... 
2021-08-25 07:53:16 +0000  1034 bytes for ./Payload/liqiaobank.app/AMap.bundle/AMap3D.bundle/dash_cd.data
copying file ./Payload/liqiaobank.app/AMap.bundle/AMap3D.bundle/style_0_17_1594719935.data ... 
2021-08-25 07:53:16 +0000  7657 bytes for ./Payload/liqiaobank.app/AMap.bundle/AMap3D.bundle/style_0_17_1594719935.data
2021-08-25 07:53:16 +0000  copying file ./Payload/liqiaobank.app/AMap.bundle/AMap3D.bundle/mapprofile_2_17_1594770801.data ... 
2021-08-25 07:53:16 +0000  1768 bytes for ./Payload/liqiaobank.app/AMap.bundle/AMap3D.bundle/mapprofile_2_17_1594770801.data
copying file ./Payload/liqiaobank.app/AMap.bundle/AMap3D.bundle/search_scenic_icon.data ... 
2021-08-25 07:53:16 +0000  38112 bytes for ./Payload/liqiaobank.app/AMap.bundle/AMap3D.bundle/search_scenic_icon.data
2021-08-25 07:53:16 +0000  copying file ./Payload/liqiaobank.app/AMap.bundle/AMap3D.bundle/tmc_blind_allinone.data ... 
2021-08-25 07:53:16 +0000  21919 bytes for ./Payload/liqiaobank.app/AMap.bundle/AMap3D.bundle/tmc_blind_allinone.data
2021-08-25 07:53:16 +0000  copying file ./Payload/liqiaobank.app/AMap.bundle/AMap3D.bundle/3d_sky_day.data ... 
2021-08-25 07:53:16 +0000  57143 bytes for ./Payload/liqiaobank.app/AMap.bundle/AMap3D.bundle/3d_sky_day.data
2021-08-25 07:53:16 +0000  copying file ./Payload/liqiaobank.app/AMap.bundle/AMap3D.bundle/icons_50_17_1594748499.data ... 
2021-08-25 07:53:16 +0000  25385 bytes for ./Payload/liqiaobank.app/AMap.bundle/AMap3D.bundle/icons_50_17_1594748499.data
2021-08-25 07:53:16 +0000  copying file ./Payload/liqiaobank.app/AMap.bundle/AMap3D.bundle/icons_6_17_1594719483.data ... 
2021-08-25 07:53:16 +0000  31345 bytes for ./Payload/liqiaobank.app/AMap.bundle/AMap3D.bundle/icons_6_17_1594719483.data
2021-08-25 07:53:16 +0000  copying file ./Payload/liqiaobank.app/AMap.bundle/AMap3D.bundle/style_1_17_1598932719.data ... 
2021-08-25 07:53:16 +0000  19666 bytes for ./Payload/liqiaobank.app/AMap.bundle/AMap3D.bundle/style_1_17_1598932719.data
2021-08-25 07:53:16 +0000  copying file ./Payload/liqiaobank.app/AMap.bundle/AMap3D.bundle/icons_3_17_1597738877.data ... 
2021-08-25 07:53:16 +0000  32227 bytes for ./Payload/liqiaobank.app/AMap.bundle/AMap3D.bundle/icons_3_17_1597738877.data
copying file ./Payload/liqiaobank.app/AMap.bundle/AMap3D.bundle/config_1_17_1598583696.data ... 
2021-08-25 07:53:16 +0000  515 bytes for ./Payload/liqiaobank.app/AMap.bundle/AMap3D.bundle/config_1_17_1598583696.data
copying file ./Payload/liqiaobank.app/AMap.bundle/AMap3D.bundle/icons_2_17_1597738874.data ... 
2021-08-25 07:53:16 +0000  28404 bytes for ./Payload/liqiaobank.app/AMap.bundle/AMap3D.bundle/icons_2_17_1597738874.data
2021-08-25 07:53:16 +0000  copying file ./Payload/liqiaobank.app/AMap.bundle/AMap3D.bundle/config_2_17_1594715854.data ... 
206 bytes for ./Payload/liqiaobank.app/AMap.bundle/AMap3D.bundle/config_2_17_1594715854.data
copying file ./Payload/liqiaobank.app/AMap.bundle/AMap3D.bundle/arrow_topface.data ... 
2021-08-25 07:53:16 +0000  2963 bytes for ./Payload/liqiaobank.app/AMap.bundle/AMap3D.bundle/arrow_topface.data
2021-08-25 07:53:16 +0000  copying file ./Payload/liqiaobank.app/AMap.bundle/AMap3D.bundle/icons_4_17_1594719480.data ... 
2021-08-25 07:53:16 +0000  33663 bytes for ./Payload/liqiaobank.app/AMap.bundle/AMap3D.bundle/icons_4_17_1594719480.data
2021-08-25 07:53:16 +0000  copying file ./Payload/liqiaobank.app/AMap.bundle/AMap3D.bundle/waterline.data ... 
148 bytes for ./Payload/liqiaobank.app/AMap.bundle/AMap3D.bundle/waterline.data
copying file ./Payload/liqiaobank.app/AMap.bundle/AMap3D.bundle/tmc_n_allinone.data ... 
2021-08-25 07:53:16 +0000  21919 bytes for ./Payload/liqiaobank.app/AMap.bundle/AMap3D.bundle/tmc_n_allinone.data
2021-08-25 07:53:16 +0000  copying file ./Payload/liqiaobank.app/AMap.bundle/AMap3D.bundle/icons_10_17_1597738891.data ... 
2021-08-25 07:53:16 +0000  33616 bytes for ./Payload/liqiaobank.app/AMap.bundle/AMap3D.bundle/icons_10_17_1597738891.data
2021-08-25 07:53:16 +0000  copying file ./Payload/liqiaobank.app/AMap.bundle/AMap3D.bundle/tmc_allinone.data ... 
2021-08-25 07:53:16 +0000  21919 bytes for ./Payload/liqiaobank.app/AMap.bundle/AMap3D.bundle/tmc_allinone.data
2021-08-25 07:53:16 +0000  copying file ./Payload/liqiaobank.app/AMap.bundle/AMap3D.bundle/style_3_17_1596079144.data ... 
2021-08-25 07:53:16 +0000  8782 bytes for ./Payload/liqiaobank.app/AMap.bundle/AMap3D.bundle/style_3_17_1596079144.data
2021-08-25 07:53:16 +0000  copying file ./Payload/liqiaobank.app/AMap.bundle/AMap3D.bundle/crossing_nigth_bk.data ... 
2021-08-25 07:53:16 +0000  752 bytes for ./Payload/liqiaobank.app/AMap.bundle/AMap3D.bundle/crossing_nigth_bk.data
copying file ./Payload/liqiaobank.app/AMap.bundle/AMap3D.bundle/styleiconslist.data ... 
2021-08-25 07:53:16 +0000  959 bytes for ./Payload/liqiaobank.app/AMap.bundle/AMap3D.bundle/styleiconslist.data
copying file ./Payload/liqiaobank.app/AMap.bundle/AMap3D.bundle/3d_sky_night.data ... 
2021-08-25 07:53:16 +0000  49684 bytes for ./Payload/liqiaobank.app/AMap.bundle/AMap3D.bundle/3d_sky_night.data
2021-08-25 07:53:16 +0000  copying file ./Payload/liqiaobank.app/AMap.bundle/AMap3D.bundle/icons_5_17_1597739000.data ... 
2021-08-25 07:53:16 +0000  102726 bytes for ./Payload/liqiaobank.app/AMap.bundle/AMap3D.bundle/icons_5_17_1597739000.data
2021-08-25 07:53:16 +0000  copying file ./Payload/liqiaobank.app/AMap.bundle/AMap3D.bundle/lineround.data ... 
2021-08-25 07:53:16 +0000  21911 bytes for ./Payload/liqiaobank.app/AMap.bundle/AMap3D.bundle/lineround.data
2021-08-25 07:53:16 +0000  copying file ./Payload/liqiaobank.app/AMap.bundle/AMap3D.bundle/style_4_17_1598940176.data ... 
2021-08-25 07:53:16 +0000  14231 bytes for ./Payload/liqiaobank.app/AMap.bundle/AMap3D.bundle/style_4_17_1598940176.data
2021-08-25 07:53:16 +0000  copying file ./Payload/liqiaobank.app/AMap.bundle/AMap3D.bundle/tmc3d_blind_allinone.data ... 
2021-08-25 07:53:16 +0000  87455 bytes for ./Payload/liqiaobank.app/AMap.bundle/AMap3D.bundle/tmc3d_blind_allinone.data
2021-08-25 07:53:16 +0000  copying file ./Payload/liqiaobank.app/AMap.bundle/AMap3D.bundle/anscii.fnt ... 
2021-08-25 07:53:16 +0000  14961 bytes for ./Payload/liqiaobank.app/AMap.bundle/AMap3D.bundle/anscii.fnt
2021-08-25 07:53:16 +0000  copying file ./Payload/liqiaobank.app/AMap.bundle/AMap3D.bundle/style_5_17_1598940139.data ... 
2021-08-25 07:53:16 +0000  10530 bytes for ./Payload/liqiaobank.app/AMap.bundle/AMap3D.bundle/style_5_17_1598940139.data
2021-08-25 07:53:16 +0000  copying file ./Payload/liqiaobank.app/AMap.bundle/AMap3D.bundle/style_50_17_1594771321.data ... 
2021-08-25 07:53:16 +0000  1606 bytes for ./Payload/liqiaobank.app/AMap.bundle/AMap3D.bundle/style_50_17_1594771321.data
copying file ./Payload/liqiaobank.app/AMap.bundle/AMap3D.bundle/style-for-custom_0_17_1594719935.data ... 
2021-08-25 07:53:16 +0000  7702 bytes for ./Payload/liqiaobank.app/AMap.bundle/AMap3D.bundle/style-for-custom_0_17_1594719935.data
2021-08-25 07:53:16 +0000  copying file ./Payload/liqiaobank.app/AMap.bundle/AMap3D.bundle/tmc_l_allinone.data ... 
2021-08-25 07:53:16 +0000  21919 bytes for ./Payload/liqiaobank.app/AMap.bundle/AMap3D.bundle/tmc_l_allinone.data
2021-08-25 07:53:16 +0000  copying file ./Payload/liqiaobank.app/AMap.bundle/AMap3D.bundle/style_6_17_1598951684.data ... 
2021-08-25 07:53:16 +0000  17039 bytes for ./Payload/liqiaobank.app/AMap.bundle/AMap3D.bundle/style_6_17_1598951684.data
2021-08-25 07:53:16 +0000  copying file ./Payload/liqiaobank.app/AMap.bundle/AMap3D.bundle/weather/yunqian.png ... 
2021-08-25 07:53:16 +0000  20091 bytes for ./Payload/liqiaobank.app/AMap.bundle/AMap3D.bundle/weather/yunqian.png
2021-08-25 07:53:16 +0000  copying file ./Payload/liqiaobank.app/AMap.bundle/AMap3D.bundle/weather/rainmask.png ... 
96 bytes for ./Payload/liqiaobank.app/AMap.bundle/AMap3D.bundle/weather/rainmask.png
copying file ./Payload/liqiaobank.app/AMap.bundle/AMap3D.bundle/weather/fog.png ... 
2021-08-25 07:53:16 +0000  75086 bytes for ./Payload/liqiaobank.app/AMap.bundle/AMap3D.bundle/weather/fog.png
2021-08-25 07:53:16 +0000  copying file ./Payload/liqiaobank.app/AMap.bundle/AMap3D.bundle/weather/shanbai.png ... 
2021-08-25 07:53:16 +0000  5057 bytes for ./Payload/liqiaobank.app/AMap.bundle/AMap3D.bundle/weather/shanbai.png
copying file ./Payload/liqiaobank.app/AMap.bundle/AMap3D.bundle/weather/haze.png ... 
260 bytes for ./Payload/liqiaobank.app/AMap.bundle/AMap3D.bundle/weather/haze.png
copying file ./Payload/liqiaobank.app/AMap.bundle/AMap3D.bundle/weather/snow.png ... 
2021-08-25 07:53:16 +0000  683 bytes for ./Payload/liqiaobank.app/AMap.bundle/AMap3D.bundle/weather/snow.png
copying file ./Payload/liqiaobank.app/AMap.bundle/AMap3D.bundle/weather/snow_far.png ... 
2021-08-25 07:53:16 +0000  814 bytes for ./Payload/liqiaobank.app/AMap.bundle/AMap3D.bundle/weather/snow_far.png
copying file ./Payload/liqiaobank.app/AMap.bundle/AMap3D.bundle/weather/snowmask.png ... 
2021-08-25 07:53:16 +0000  894 bytes for ./Payload/liqiaobank.app/AMap.bundle/AMap3D.bundle/weather/snowmask.png
copying file ./Payload/liqiaobank.app/AMap.bundle/AMap3D.bundle/weather/yunhou.png ... 
2021-08-25 07:53:16 +0000  23713 bytes for ./Payload/liqiaobank.app/AMap.bundle/AMap3D.bundle/weather/yunhou.png
2021-08-25 07:53:16 +0000  copying file ./Payload/liqiaobank.app/AMap.bundle/AMap3D.bundle/weather/shandianyun.png ... 
2021-08-25 07:53:16 +0000  8336 bytes for ./Payload/liqiaobank.app/AMap.bundle/AMap3D.bundle/weather/shandianyun.png
copying file ./Payload/liqiaobank.app/AMap.bundle/AMap3D.bundle/weather/rain.png ... 
2021-08-25 07:53:16 +0000  3196 bytes for ./Payload/liqiaobank.app/AMap.bundle/AMap3D.bundle/weather/rain.png
2021-08-25 07:53:16 +0000  copying file ./Payload/liqiaobank.app/AMap.bundle/AMap3D.bundle/dash_tq.data ... 
2021-08-25 07:53:16 +0000  249 bytes for ./Payload/liqiaobank.app/AMap.bundle/AMap3D.bundle/dash_tq.data
2021-08-25 07:53:16 +0000  copying file ./Payload/liqiaobank.app/AMap.bundle/AMap3D.bundle/icons_1_17_1597895142.data ... 
2021-08-25 07:53:16 +0000  31843 bytes for ./Payload/liqiaobank.app/AMap.bundle/AMap3D.bundle/icons_1_17_1597895142.data
2021-08-25 07:53:16 +0000  copying file ./Payload/liqiaobank.app/AMap.bundle/AMap3D.bundle/style_100_17_1597738792.data ... 
2021-08-25 07:53:16 +0000  7261 bytes for ./Payload/liqiaobank.app/AMap.bundle/AMap3D.bundle/style_100_17_1597738792.data
copying file ./Payload/liqiaobank.app/AMap.bundle/AMap3D.bundle/style_18_17_1598951705.data ... 
2021-08-25 07:53:16 +0000  13125 bytes for ./Payload/liqiaobank.app/AMap.bundle/AMap3D.bundle/style_18_17_1598951705.data
copying file ./Payload/liqiaobank.app/AMap.bundle/AMap3D.bundle/tmc3d_l_allinone.data ... 
2021-08-25 07:53:16 +0000  87455 bytes for ./Payload/liqiaobank.app/AMap.bundle/AMap3D.bundle/tmc3d_l_allinone.data
copying file ./Payload/liqiaobank.app/AMap.bundle/AMap3D.bundle/mapprofile_1_17_1594760814.data ... 
2021-08-25 07:53:16 +0000  2157 bytes for ./Payload/liqiaobank.app/AMap.bundle/AMap3D.bundle/mapprofile_1_17_1594760814.data
copying file ./Payload/liqiaobank.app/AMap.bundle/AMap3D.bundle/crossing_day_bk.data ... 
2021-08-25 07:53:16 +0000  1199 bytes for ./Payload/liqiaobank.app/AMap.bundle/AMap3D.bundle/crossing_day_bk.data
copying file ./Payload/liqiaobank.app/share_copyLink.png ... 
2021-08-25 07:53:16 +0000  1987 bytes for ./Payload/liqiaobank.app/share_copyLink.png
2021-08-25 07:53:16 +0000  copying file ./Payload/liqiaobank.app/shareView_rr@2x.png ... 
2021-08-25 07:53:16 +0000  4127 bytes for ./Payload/liqiaobank.app/shareView_rr@2x.png
copying file ./Payload/liqiaobank.app/ResourceHanRoundedCN-Regular.ttf ... 
2021-08-25 07:53:16 +0000  14663464 bytes for ./Payload/liqiaobank.app/ResourceHanRoundedCN-Regular.ttf
2021-08-25 07:53:16 +0000  copying file ./Payload/liqiaobank.app/Assets.car ... 
2021-08-25 07:53:17 +0000  11475256 bytes for ./Payload/liqiaobank.app/Assets.car
copying file ./Payload/liqiaobank.app/closeFlish@3x.png ... 
2021-08-25 07:53:17 +0000  3669 bytes for ./Payload/liqiaobank.app/closeFlish@3x.png
copying file ./Payload/liqiaobank.app/start_up.mp4 ... 
2021-08-25 07:53:17 +0000  580855 bytes for ./Payload/liqiaobank.app/start_up.mp4
copying file ./Payload/liqiaobank.app/BrandAsset@2x.png ... 
2021-08-25 07:53:17 +0000  52039 bytes for ./Payload/liqiaobank.app/BrandAsset@2x.png
copying file ./Payload/liqiaobank.app/shareView_rr@3x.png ... 
2021-08-25 07:53:17 +0000  4112 bytes for ./Payload/liqiaobank.app/shareView_rr@3x.png
copying file ./Payload/liqiaobank.app/shareView_msg.png ... 
2021-08-25 07:53:17 +0000  1679 bytes for ./Payload/liqiaobank.app/shareView_msg.png
copying file ./Payload/liqiaobank.app/shareView_qzone.png ... 
2021-08-25 07:53:17 +0000  1885 bytes for ./Payload/liqiaobank.app/shareView_qzone.png
copying file ./Payload/liqiaobank.app/share_copyLink@3x.png ... 
2021-08-25 07:53:17 +0000  3599 bytes for ./Payload/liqiaobank.app/share_copyLink@3x.png
copying file ./Payload/liqiaobank.app/App_loading_screen.mp4 ... 
2021-08-25 07:53:17 +0000  3271107 bytes for ./Payload/liqiaobank.app/App_loading_screen.mp4
copying file ./Payload/liqiaobank.app/BrandAsset-1100-Portrait-2436h@3x.png ... 
2021-08-25 07:53:17 +0000  106002 bytes for ./Payload/liqiaobank.app/BrandAsset-1100-Portrait-2436h@3x.png
copying file ./Payload/liqiaobank.app/shareView_friend.png ... 
2021-08-25 07:53:17 +0000  2300 bytes for ./Payload/liqiaobank.app/shareView_friend.png
copying file ./Payload/liqiaobank.app/shareView_qzone@3x.png ... 
2021-08-25 07:53:17 +0000  4332 bytes for ./Payload/liqiaobank.app/shareView_qzone@3x.png
copying file ./Payload/liqiaobank.app/ResourceHanRoundedCN-Medium.ttf ... 
2021-08-25 07:53:17 +0000  14423652 bytes for ./Payload/liqiaobank.app/ResourceHanRoundedCN-Medium.ttf
2021-08-25 07:53:17 +0000  copying file ./Payload/liqiaobank.app/SensorsAnalyticsSDK.bundle/sa_mcc_mnc_mini.json ... 
2021-08-25 07:53:17 +0000  43080 bytes for ./Payload/liqiaobank.app/SensorsAnalyticsSDK.bundle/sa_mcc_mnc_mini.json
2021-08-25 07:53:17 +0000  copying file ./Payload/liqiaobank.app/backPhoto@3x.png ... 
2021-08-25 07:53:17 +0000  4710 bytes for ./Payload/liqiaobank.app/backPhoto@3x.png
copying file ./Payload/liqiaobank.app/embedded.mobileprovision ... 
2021-08-25 07:53:17 +0000  21522 bytes for ./Payload/liqiaobank.app/embedded.mobileprovision
copying file ./Payload/liqiaobank.app/Boot_screen_long.mp4 ... 
2021-08-25 07:53:17 +0000  1134093 bytes for ./Payload/liqiaobank.app/Boot_screen_long.mp4
2021-08-25 07:53:17 +0000  copying file ./Payload/liqiaobank.app/shareView_qzone@2x.png ... 
2021-08-25 07:53:17 +0000  4174 bytes for ./Payload/liqiaobank.app/shareView_qzone@2x.png
copying file ./Payload/liqiaobank.app/Info.plist ... 
2021-08-25 07:53:17 +0000  2898 bytes for ./Payload/liqiaobank.app/Info.plist
copying file ./Payload/liqiaobank.app/BrandAsset.png ... 
2021-08-25 07:53:17 +0000  23683 bytes for ./Payload/liqiaobank.app/BrandAsset.png
copying file ./Payload/liqiaobank.app/shareView_rr.png ... 
2021-08-25 07:53:17 +0000  1922 bytes for ./Payload/liqiaobank.app/shareView_rr.png
copying file ./Payload/liqiaobank.app/MyFinishViewController.nib ... 
2021-08-25 07:53:17 +0000  3987 bytes for ./Payload/liqiaobank.app/MyFinishViewController.nib
copying file ./Payload/liqiaobank.app/PkgInfo ... 
2021-08-25 07:53:17 +0000  8 bytes for ./Payload/liqiaobank.app/PkgInfo
copying file ./Payload/liqiaobank.app/share_copyLink@2x.png ... 
2021-08-25 07:53:17 +0000  4524 bytes for ./Payload/liqiaobank.app/share_copyLink@2x.png
copying file ./Payload/liqiaobank.app/surePhoto@3x.png ... 
2021-08-25 07:53:17 +0000  4928 bytes for ./Payload/liqiaobank.app/surePhoto@3x.png
copying file ./Payload/liqiaobank.app/MGLiveResource.bundle/MegLive_model ... 
2021-08-25 07:53:17 +0000  468552 bytes for ./Payload/liqiaobank.app/MGLiveResource.bundle/MegLive_model
copying file ./Payload/liqiaobank.app/MGLiveResource.bundle/MGFaceDetection.strings ... 
2021-08-25 07:53:17 +0000  1093 bytes for ./Payload/liqiaobank.app/MGLiveResource.bundle/MGFaceDetection.strings
copying file ./Payload/liqiaobank.app/MGLiveResource.bundle/image/head-openMouse.png ... 
2021-08-25 07:53:17 +0000  69824 bytes for ./Payload/liqiaobank.app/MGLiveResource.bundle/image/head-openMouse.png
copying file ./Payload/liqiaobank.app/MGLiveResource.bundle/image/head-eye.png ... 
2021-08-25 07:53:17 +0000  57932 bytes for ./Payload/liqiaobank.app/MGLiveResource.bundle/image/head-eye.png
copying file ./Payload/liqiaobank.app/MGLiveResource.bundle/image/header_bg_img.png ... 
2021-08-25 07:53:17 +0000  12401 bytes for ./Payload/liqiaobank.app/MGLiveResource.bundle/image/header_bg_img.png
copying file ./Payload/liqiaobank.app/MGLiveResource.bundle/image/head-left.png ... 
2021-08-25 07:53:17 +0000  78274 bytes for ./Payload/liqiaobank.app/MGLiveResource.bundle/image/head-left.png
copying file ./Payload/liqiaobank.app/MGLiveResource.bundle/image/head-up.png ... 
2021-08-25 07:53:17 +0000  69495 bytes for ./Payload/liqiaobank.app/MGLiveResource.bundle/image/head-up.png
copying file ./Payload/liqiaobank.app/MGLiveResource.bundle/image/header_first.png ... 
2021-08-25 07:53:17 +0000  59359 bytes for ./Payload/liqiaobank.app/MGLiveResource.bundle/image/header_first.png
copying file ./Payload/liqiaobank.app/MGLiveResource.bundle/image/head-down.png ... 
2021-08-25 07:53:17 +0000  58343 bytes for ./Payload/liqiaobank.app/MGLiveResource.bundle/image/head-down.png
2021-08-25 07:53:17 +0000  copying file ./Payload/liqiaobank.app/MGLiveResource.bundle/image/head-blink.png ... 
2021-08-25 07:53:17 +0000  58735 bytes for ./Payload/liqiaobank.app/MGLiveResource.bundle/image/head-blink.png
copying file ./Payload/liqiaobank.app/MGLiveResource.bundle/image/head-right.png ... 
2021-08-25 07:53:17 +0000  78349 bytes for ./Payload/liqiaobank.app/MGLiveResource.bundle/image/head-right.png
2021-08-25 07:53:17 +0000  copying file ./Payload/liqiaobank.app/MGLiveResource.bundle/audio/meglive_yaw1.mp3 ... 
2021-08-25 07:53:17 +0000  47691 bytes for ./Payload/liqiaobank.app/MGLiveResource.bundle/audio/meglive_yaw1.mp3
copying file ./Payload/liqiaobank.app/MGLiveResource.bundle/audio/meglive_pitch_down.mp3 ... 
2021-08-25 07:53:17 +0000  26375 bytes for ./Payload/liqiaobank.app/MGLiveResource.bundle/audio/meglive_pitch_down.mp3
2021-08-25 07:53:17 +0000  copying file ./Payload/liqiaobank.app/MGLiveResource.bundle/audio/meglive_well_done.mp3 ... 
2021-08-25 07:53:17 +0000  17180 bytes for ./Payload/liqiaobank.app/MGLiveResource.bundle/audio/meglive_well_done.mp3
2021-08-25 07:53:17 +0000  copying file ./Payload/liqiaobank.app/MGLiveResource.bundle/audio/meglive_mouth_open2.mp3 ... 
2021-08-25 07:53:17 +0000  18016 bytes for ./Payload/liqiaobank.app/MGLiveResource.bundle/audio/meglive_mouth_open2.mp3
copying file ./Payload/liqiaobank.app/MGLiveResource.bundle/audio/meglive_eye_blink2.mp3 ... 
2021-08-25 07:53:17 +0000  17180 bytes for ./Payload/liqiaobank.app/MGLiveResource.bundle/audio/meglive_eye_blink2.mp3
2021-08-25 07:53:17 +0000  copying file ./Payload/liqiaobank.app/oastart.json ... 
2021-08-25 07:53:17 +0000  6338 bytes for ./Payload/liqiaobank.app/oastart.json
2021-08-25 07:53:17 +0000  /usr/bin/ditto exited with 0
2021-08-25 07:53:17 +0000  Processing step: IDEDistributionAppStoreInformationStep
2021-08-25 07:53:17 +0000  Skipping step: IDEDistributionAppStoreInformationStep because it said so
2021-08-25 07:53:17 +0000  Processing step: IDEDistributionGenerateProcessedDistributionItems
2021-08-25 07:53:17 +0000  IDEDistributionItem init <DVTFilePath:0x7fa495afb170:'/var/folders/3d/4p2n4cc51_j5371z1qfbzc680000gn/T/XcodeDistPipeline.~~~3jvDcm/Root/Payload/liqiaobank.app'>
2021-08-25 07:53:17 +0000  Processing step: IDEDistributionCreateManifestStep
